0 verbose cli /Users/leads/.local/share/fnm/node-versions/v22.22.0/installation/bin/node /Users/leads/.local/state/fnm_multishells/8650_1774094953185/bin/npm
1 info using npm@11.11.0
2 info using node@v22.22.0
3 silly config load:file:/Users/leads/.local/share/fnm/node-versions/v22.22.0/installation/lib/node_modules/npm/npmrc
4 silly config load:file:/Users/leads/dev/Porfolio/lrdene-portfolio/.npmrc
5 silly config load:file:/Users/leads/.npmrc
6 silly config load:file:/Users/leads/.local/share/fnm/node-versions/v22.22.0/installation/etc/npmrc
7 verbose title npm install @cloudflare/next-on-pages wrangler
8 verbose argv "install" "--save-dev" "@cloudflare/next-on-pages" "wrangler" "--cache" "./.npm-cache" "--legacy-peer-deps"
9 verbose logfile logs-max:10 dir:/Users/leads/dev/Porfolio/lrdene-portfolio/.npm-cache/_logs/2026-03-21T13_56_09_183Z-
10 verbose logfile /Users/leads/dev/Porfolio/lrdene-portfolio/.npm-cache/_logs/2026-03-21T13_56_09_183Z-debug-0.log
11 silly logfile done cleaning log files
12 silly packumentCache heap:4345298944 maxSize:1086324736 maxEntrySize:543162368
13 verbose shrinkwrap failed to load node_modules/.package-lock.json EPERM: operation not permitted, stat '/Users/leads/dev/Porfolio/lrdene-portfolio/node_modules'
14 silly idealTree buildDeps
15 silly fetch manifest @cloudflare/next-on-pages@*
16 silly packumentCache full:https://registry.npmjs.org/@cloudflare%2fnext-on-pages cache-miss
17 http cache https://registry.npmjs.org/@cloudflare%2fnext-on-pages 25ms (cache hit)
18 silly packumentCache full:https://registry.npmjs.org/@cloudflare%2fnext-on-pages set size:2260679 disposed:false
19 silly fetch manifest wrangler@*
20 silly packumentCache full:https://registry.npmjs.org/wrangler cache-miss
21 http fetch GET 200 https://registry.npmjs.org/wrangler 591ms (cache miss)
22 silly packumentCache full:https://registry.npmjs.org/wrangler set size:undefined disposed:false
23 silly placeDep ROOT @cloudflare/next-on-pages@1.13.16 OK for: lrdene-portfolio@0.1.0 want: *
24 silly placeDep ROOT wrangler@4.76.0 OK for: lrdene-portfolio@0.1.0 want: *
25 silly fetch manifest acorn@^8.8.0
26 silly packumentCache full:https://registry.npmjs.org/acorn cache-miss
27 silly fetch manifest chalk@^5.2.0
28 silly packumentCache full:https://registry.npmjs.org/chalk cache-miss
29 silly fetch manifest cookie@^0.5.0
30 silly packumentCache full:https://registry.npmjs.org/cookie cache-miss
31 silly fetch manifest esbuild@^0.15.3
32 silly packumentCache full:https://registry.npmjs.org/esbuild cache-miss
33 silly fetch manifest js-yaml@^4.1.0
34 silly packumentCache full:https://registry.npmjs.org/js-yaml cache-miss
35 silly fetch manifest chokidar@^3.5.3
36 silly packumentCache full:https://registry.npmjs.org/chokidar cache-miss
37 silly fetch manifest ast-types@^0.14.2
38 silly packumentCache full:https://registry.npmjs.org/ast-types cache-miss
39 silly fetch manifest commander@^11.1.0
40 silly packumentCache full:https://registry.npmjs.org/commander cache-miss
41 silly fetch manifest miniflare@^3.20231218.1
42 silly packumentCache full:https://registry.npmjs.org/miniflare cache-miss
43 silly fetch manifest pcre-to-regexp@^1.1.0
44 silly packumentCache full:https://registry.npmjs.org/pcre-to-regexp cache-miss
45 silly fetch manifest package-manager-manager@^0.2.0
46 silly packumentCache full:https://registry.npmjs.org/package-manager-manager cache-miss
47 http fetch GET 200 https://registry.npmjs.org/acorn 130ms (cache miss)
48 silly packumentCache full:https://registry.npmjs.org/acorn set size:undefined disposed:false
49 silly fetch manifest blake3-wasm@2.1.5
50 silly packumentCache full:https://registry.npmjs.org/blake3-wasm cache-miss
51 http fetch GET 200 https://registry.npmjs.org/cookie 197ms (cache miss)
52 silly packumentCache full:https://registry.npmjs.org/cookie set size:undefined disposed:false
53 silly fetch manifest esbuild@0.27.3
54 silly packumentCache full:https://registry.npmjs.org/esbuild cache-miss
55 http fetch GET 200 https://registry.npmjs.org/js-yaml 200ms (cache miss)
56 silly packumentCache full:https://registry.npmjs.org/js-yaml set size:undefined disposed:false
57 silly fetch manifest path-to-regexp@6.3.0
58 silly packumentCache full:https://registry.npmjs.org/path-to-regexp cache-miss
59 http fetch GET 200 https://registry.npmjs.org/chalk 206ms (cache miss)
60 silly packumentCache full:https://registry.npmjs.org/chalk set size:undefined disposed:false
61 silly fetch manifest unenv@2.0.0-rc.24
62 silly packumentCache full:https://registry.npmjs.org/unenv cache-miss
63 http fetch GET 200 https://registry.npmjs.org/esbuild 251ms (cache revalidated)
64 silly packumentCache full:https://registry.npmjs.org/esbuild set size:1244751 disposed:false
65 silly fetch manifest workerd@1.20260317.1
66 silly packumentCache full:https://registry.npmjs.org/workerd cache-miss
67 http fetch GET 200 https://registry.npmjs.org/blake3-wasm 139ms (cache miss)
68 silly packumentCache full:https://registry.npmjs.org/blake3-wasm set size:undefined disposed:false
69 silly fetch manifest @cloudflare/kv-asset-handler@0.4.2
70 silly packumentCache full:https://registry.npmjs.org/@cloudflare%2fkv-asset-handler cache-miss
71 http cache https://registry.npmjs.org/esbuild 97ms (cache hit)
72 silly packumentCache full:https://registry.npmjs.org/esbuild set size:1244751 disposed:false
73 silly fetch manifest @cloudflare/unenv-preset@2.16.0
74 silly packumentCache full:https://registry.npmjs.org/@cloudflare%2funenv-preset cache-miss
75 http fetch GET 200 https://registry.npmjs.org/chokidar 305ms (cache miss)
76 silly packumentCache full:https://registry.npmjs.org/chokidar set size:undefined disposed:false
77 silly fetch manifest miniflare@4.20260317.1
78 silly packumentCache full:https://registry.npmjs.org/miniflare cache-miss
79 http fetch GET 200 https://registry.npmjs.org/ast-types 325ms (cache miss)
80 silly packumentCache full:https://registry.npmjs.org/ast-types set size:undefined disposed:false
81 silly fetch manifest fsevents@~2.3.2
82 silly packumentCache full:https://registry.npmjs.org/fsevents cache-miss
83 http fetch GET 200 https://registry.npmjs.org/commander 354ms (cache miss)
84 silly packumentCache full:https://registry.npmjs.org/commander set size:undefined disposed:false
85 http fetch GET 200 https://registry.npmjs.org/pcre-to-regexp 373ms (cache miss)
86 silly packumentCache full:https://registry.npmjs.org/pcre-to-regexp set size:undefined disposed:false
87 http fetch GET 200 https://registry.npmjs.org/path-to-regexp 174ms (cache miss)
88 silly packumentCache full:https://registry.npmjs.org/path-to-regexp set size:undefined disposed:false
89 http fetch GET 200 https://registry.npmjs.org/@cloudflare%2fkv-asset-handler 105ms (cache miss)
90 silly packumentCache full:https://registry.npmjs.org/@cloudflare%2fkv-asset-handler set size:undefined disposed:false
91 http fetch GET 200 https://registry.npmjs.org/unenv 153ms (cache miss)
92 silly packumentCache full:https://registry.npmjs.org/unenv set size:undefined disposed:false
93 http fetch GET 200 https://registry.npmjs.org/fsevents 82ms (cache miss)
94 silly packumentCache full:https://registry.npmjs.org/fsevents set size:undefined disposed:false
95 http fetch GET 200 https://registry.npmjs.org/workerd 159ms (cache miss)
96 silly packumentCache full:https://registry.npmjs.org/workerd set size:undefined disposed:false
97 http fetch GET 200 https://registry.npmjs.org/miniflare 507ms (cache miss)
98 silly packumentCache full:https://registry.npmjs.org/miniflare set size:undefined disposed:false
99 http fetch GET 200 https://registry.npmjs.org/package-manager-manager 713ms (cache miss)
100 silly packumentCache full:https://registry.npmjs.org/package-manager-manager set size:undefined disposed:false
101 http fetch GET 200 https://registry.npmjs.org/miniflare 412ms (cache miss)
102 silly packumentCache full:https://registry.npmjs.org/miniflare set size:undefined disposed:false
103 http fetch GET 200 https://registry.npmjs.org/@cloudflare%2funenv-preset 513ms (cache miss)
104 silly packumentCache full:https://registry.npmjs.org/@cloudflare%2funenv-preset set size:undefined disposed:false
105 silly placeDep ROOT acorn@8.16.0 OK for: @cloudflare/next-on-pages@1.13.16 want: ^8.8.0
106 silly placeDep ROOT ast-types@0.14.2 OK for: @cloudflare/next-on-pages@1.13.16 want: ^0.14.2
107 silly placeDep ROOT chalk@5.6.2 OK for: @cloudflare/next-on-pages@1.13.16 want: ^5.2.0
108 silly placeDep ROOT chokidar@3.6.0 OK for: @cloudflare/next-on-pages@1.13.16 want: ^3.5.3
109 silly placeDep ROOT commander@11.1.0 OK for: @cloudflare/next-on-pages@1.13.16 want: ^11.1.0
110 silly placeDep ROOT cookie@0.5.0 OK for: @cloudflare/next-on-pages@1.13.16 want: ^0.5.0
111 silly placeDep node_modules/@cloudflare/next-on-pages esbuild@0.15.18 OK for: @cloudflare/next-on-pages@1.13.16 want: ^0.15.3
112 silly placeDep ROOT js-yaml@4.1.1 OK for: @cloudflare/next-on-pages@1.13.16 want: ^4.1.0
113 silly placeDep ROOT miniflare@3.20250718.3 OK for: @cloudflare/next-on-pages@1.13.16 want: ^3.20231218.1
114 silly placeDep ROOT package-manager-manager@0.2.0 OK for: @cloudflare/next-on-pages@1.13.16 want: ^0.2.0
115 silly placeDep ROOT pcre-to-regexp@1.1.0 OK for: @cloudflare/next-on-pages@1.13.16 want: ^1.1.0
116 silly fetch manifest braces@~3.0.2
117 silly packumentCache full:https://registry.npmjs.org/braces cache-miss
118 silly fetch manifest is-glob@~4.0.1
119 silly packumentCache full:https://registry.npmjs.org/is-glob cache-miss
120 silly fetch manifest anymatch@~3.1.2
121 silly packumentCache full:https://registry.npmjs.org/anymatch cache-miss
122 silly fetch manifest readdirp@~3.6.0
123 silly packumentCache full:https://registry.npmjs.org/readdirp cache-miss
124 silly fetch manifest glob-parent@~5.1.2
125 silly packumentCache full:https://registry.npmjs.org/glob-parent cache-miss
126 silly fetch manifest is-binary-path@~2.1.0
127 silly packumentCache full:https://registry.npmjs.org/is-binary-path cache-miss
128 silly fetch manifest normalize-path@~3.0.0
129 silly packumentCache full:https://registry.npmjs.org/normalize-path cache-miss
130 silly fetch manifest esbuild-linux-32@0.15.18
131 silly packumentCache full:https://registry.npmjs.org/esbuild-linux-32 cache-miss
132 silly fetch manifest esbuild-linux-64@0.15.18
133 silly packumentCache full:https://registry.npmjs.org/esbuild-linux-64 cache-miss
134 silly fetch manifest esbuild-sunos-64@0.15.18
135 silly packumentCache full:https://registry.npmjs.org/esbuild-sunos-64 cache-miss
136 silly fetch manifest esbuild-darwin-64@0.15.18
137 silly packumentCache full:https://registry.npmjs.org/esbuild-darwin-64 cache-miss
138 http fetch GET 200 https://registry.npmjs.org/is-binary-path 68ms (cache miss)
139 silly packumentCache full:https://registry.npmjs.org/is-binary-path set size:undefined disposed:false
140 silly fetch manifest esbuild-linux-arm@0.15.18
141 silly packumentCache full:https://registry.npmjs.org/esbuild-linux-arm cache-miss
142 http fetch GET 200 https://registry.npmjs.org/anymatch 71ms (cache miss)
143 silly packumentCache full:https://registry.npmjs.org/anymatch set size:undefined disposed:false
144 silly fetch manifest esbuild-netbsd-64@0.15.18
145 silly packumentCache full:https://registry.npmjs.org/esbuild-netbsd-64 cache-miss
146 http fetch GET 200 https://registry.npmjs.org/readdirp 79ms (cache miss)
147 silly packumentCache full:https://registry.npmjs.org/readdirp set size:undefined disposed:false
148 silly fetch manifest esbuild-android-64@0.15.18
149 silly packumentCache full:https://registry.npmjs.org/esbuild-android-64 cache-miss
150 http fetch GET 200 https://registry.npmjs.org/normalize-path 83ms (cache miss)
151 silly packumentCache full:https://registry.npmjs.org/normalize-path set size:undefined disposed:false
152 silly fetch manifest esbuild-freebsd-64@0.15.18
153 silly packumentCache full:https://registry.npmjs.org/esbuild-freebsd-64 cache-miss
154 http fetch GET 200 https://registry.npmjs.org/braces 90ms (cache miss)
155 silly packumentCache full:https://registry.npmjs.org/braces set size:undefined disposed:false
156 silly fetch manifest esbuild-openbsd-64@0.15.18
157 silly packumentCache full:https://registry.npmjs.org/esbuild-openbsd-64 cache-miss
158 http fetch GET 200 https://registry.npmjs.org/is-glob 91ms (cache miss)
159 silly packumentCache full:https://registry.npmjs.org/is-glob set size:undefined disposed:false
160 silly fetch manifest esbuild-windows-32@0.15.18
161 silly packumentCache full:https://registry.npmjs.org/esbuild-windows-32 cache-miss
162 http fetch GET 200 https://registry.npmjs.org/glob-parent 93ms (cache miss)
163 silly packumentCache full:https://registry.npmjs.org/glob-parent set size:undefined disposed:false
164 silly fetch manifest esbuild-windows-64@0.15.18
165 silly packumentCache full:https://registry.npmjs.org/esbuild-windows-64 cache-miss
166 http fetch GET 200 https://registry.npmjs.org/esbuild-sunos-64 96ms (cache miss)
167 silly packumentCache full:https://registry.npmjs.org/esbuild-sunos-64 set size:undefined disposed:false
168 silly fetch manifest esbuild-linux-arm64@0.15.18
169 silly packumentCache full:https://registry.npmjs.org/esbuild-linux-arm64 cache-miss
170 http fetch GET 200 https://registry.npmjs.org/esbuild-linux-32 107ms (cache miss)
171 silly packumentCache full:https://registry.npmjs.org/esbuild-linux-32 set size:undefined disposed:false
172 silly fetch manifest esbuild-linux-s390x@0.15.18
173 silly packumentCache full:https://registry.npmjs.org/esbuild-linux-s390x cache-miss
174 http fetch GET 200 https://registry.npmjs.org/esbuild-darwin-64 127ms (cache miss)
175 silly packumentCache full:https://registry.npmjs.org/esbuild-darwin-64 set size:undefined disposed:false
176 silly fetch manifest @esbuild/android-arm@0.15.18
177 silly packumentCache full:https://registry.npmjs.org/@esbuild%2fandroid-arm cache-miss
178 http fetch GET 200 https://registry.npmjs.org/esbuild-netbsd-64 75ms (cache miss)
179 silly packumentCache full:https://registry.npmjs.org/esbuild-netbsd-64 set size:undefined disposed:false
180 silly fetch manifest esbuild-darwin-arm64@0.15.18
181 silly packumentCache full:https://registry.npmjs.org/esbuild-darwin-arm64 cache-miss
182 http fetch GET 200 https://registry.npmjs.org/esbuild-linux-arm 113ms (cache miss)
183 silly packumentCache full:https://registry.npmjs.org/esbuild-linux-arm set size:undefined disposed:false
184 silly fetch manifest esbuild-android-arm64@0.15.18
185 silly packumentCache full:https://registry.npmjs.org/esbuild-android-arm64 cache-miss
186 http fetch GET 200 https://registry.npmjs.org/esbuild-android-64 126ms (cache miss)
187 silly packumentCache full:https://registry.npmjs.org/esbuild-android-64 set size:undefined disposed:false
188 silly fetch manifest esbuild-freebsd-arm64@0.15.18
189 silly packumentCache full:https://registry.npmjs.org/esbuild-freebsd-arm64 cache-miss
190 http fetch GET 200 https://registry.npmjs.org/esbuild-openbsd-64 133ms (cache miss)
191 silly packumentCache full:https://registry.npmjs.org/esbuild-openbsd-64 set size:undefined disposed:false
192 silly fetch manifest esbuild-linux-ppc64le@0.15.18
193 silly packumentCache full:https://registry.npmjs.org/esbuild-linux-ppc64le cache-miss
194 http fetch GET 200 https://registry.npmjs.org/esbuild-windows-32 144ms (cache miss)
195 silly packumentCache full:https://registry.npmjs.org/esbuild-windows-32 set size:undefined disposed:false
196 silly fetch manifest esbuild-linux-riscv64@0.15.18
197 silly packumentCache full:https://registry.npmjs.org/esbuild-linux-riscv64 cache-miss
198 http fetch GET 200 https://registry.npmjs.org/esbuild-darwin-arm64 96ms (cache miss)
199 silly packumentCache full:https://registry.npmjs.org/esbuild-darwin-arm64 set size:undefined disposed:false
200 silly fetch manifest esbuild-windows-arm64@0.15.18
201 silly packumentCache full:https://registry.npmjs.org/esbuild-windows-arm64 cache-miss
202 http fetch GET 200 https://registry.npmjs.org/esbuild-linux-arm64 155ms (cache miss)
203 silly packumentCache full:https://registry.npmjs.org/esbuild-linux-arm64 set size:undefined disposed:false
204 silly fetch manifest @esbuild/linux-loong64@0.15.18
205 silly packumentCache full:https://registry.npmjs.org/@esbuild%2flinux-loong64 cache-miss
206 http fetch GET 200 https://registry.npmjs.org/@esbuild%2fandroid-arm 126ms (cache revalidated)
207 silly packumentCache full:https://registry.npmjs.org/@esbuild%2fandroid-arm set size:215153 disposed:false
208 silly fetch manifest esbuild-linux-mips64le@0.15.18
209 silly packumentCache full:https://registry.npmjs.org/esbuild-linux-mips64le cache-miss
210 http fetch GET 200 https://registry.npmjs.org/esbuild-windows-64 178ms (cache miss)
211 silly packumentCache full:https://registry.npmjs.org/esbuild-windows-64 set size:undefined disposed:false
212 silly fetch manifest argparse@^2.0.1
213 silly packumentCache full:https://registry.npmjs.org/argparse cache-miss
214 http fetch GET 200 https://registry.npmjs.org/esbuild-freebsd-64 193ms (cache miss)
215 silly packumentCache full:https://registry.npmjs.org/esbuild-freebsd-64 set size:undefined disposed:false
216 silly fetch manifest zod@3.22.3
217 silly packumentCache full:https://registry.npmjs.org/zod cache-miss
218 http fetch GET 200 https://registry.npmjs.org/esbuild-android-arm64 109ms (cache miss)
219 silly packumentCache full:https://registry.npmjs.org/esbuild-android-arm64 set size:undefined disposed:false
220 silly fetch manifest acorn@8.14.0
221 silly packumentCache full:https://registry.npmjs.org/acorn cache-miss
222 http cache https://registry.npmjs.org/acorn 26ms (cache hit)
223 silly packumentCache full:https://registry.npmjs.org/acorn set size:379626 disposed:false
224 silly fetch manifest youch@3.3.4
225 silly packumentCache full:https://registry.npmjs.org/youch cache-miss
226 http fetch GET 200 https://registry.npmjs.org/esbuild-freebsd-arm64 127ms (cache miss)
227 silly packumentCache full:https://registry.npmjs.org/esbuild-freebsd-arm64 set size:undefined disposed:false
228 silly fetch manifest undici@^5.28.5
229 silly packumentCache full:https://registry.npmjs.org/undici cache-miss
230 http fetch GET 200 https://registry.npmjs.org/esbuild-windows-arm64 114ms (cache miss)
231 silly packumentCache full:https://registry.npmjs.org/esbuild-windows-arm64 set size:undefined disposed:false
232 silly fetch manifest workerd@1.20250718.0
233 silly packumentCache full:https://registry.npmjs.org/workerd cache-miss
234 http fetch GET 200 https://registry.npmjs.org/esbuild-linux-64 363ms (cache miss)
235 silly packumentCache full:https://registry.npmjs.org/esbuild-linux-64 set size:undefined disposed:false
236 silly fetch manifest exit-hook@2.2.1
237 silly packumentCache full:https://registry.npmjs.org/exit-hook cache-miss
238 http fetch GET 200 https://registry.npmjs.org/esbuild-linux-ppc64le 146ms (cache miss)
239 silly packumentCache full:https://registry.npmjs.org/esbuild-linux-ppc64le set size:undefined disposed:false
240 silly fetch manifest stoppable@1.1.0
241 silly packumentCache full:https://registry.npmjs.org/stoppable cache-miss
242 http fetch GET 200 https://registry.npmjs.org/argparse 106ms (cache miss)
243 silly packumentCache full:https://registry.npmjs.org/argparse set size:undefined disposed:false
244 silly fetch manifest acorn-walk@8.3.2
245 silly packumentCache full:https://registry.npmjs.org/acorn-walk cache-miss
246 http fetch GET 200 https://registry.npmjs.org/esbuild-linux-s390x 277ms (cache miss)
247 silly packumentCache full:https://registry.npmjs.org/esbuild-linux-s390x set size:undefined disposed:false
248 silly fetch manifest glob-to-regexp@0.4.1
249 silly packumentCache full:https://registry.npmjs.org/glob-to-regexp cache-miss
250 http fetch GET 200 https://registry.npmjs.org/@esbuild%2flinux-loong64 138ms (cache revalidated)
251 silly packumentCache full:https://registry.npmjs.org/@esbuild%2flinux-loong64 set size:245468 disposed:false
252 silly fetch manifest @cspotcode/source-map-support@0.8.1
253 silly packumentCache full:https://registry.npmjs.org/@cspotcode%2fsource-map-support cache-miss
254 http cache https://registry.npmjs.org/workerd 43ms (cache hit)
255 silly packumentCache full:https://registry.npmjs.org/workerd set size:710430 disposed:false
256 silly fetch manifest shellac@^0.8.0
257 silly packumentCache full:https://registry.npmjs.org/shellac cache-miss
258 http fetch GET 200 https://registry.npmjs.org/esbuild-linux-mips64le 164ms (cache miss)
259 silly packumentCache full:https://registry.npmjs.org/esbuild-linux-mips64le set size:undefined disposed:false
260 http fetch GET 200 https://registry.npmjs.org/youch 108ms (cache miss)
261 silly packumentCache full:https://registry.npmjs.org/youch set size:undefined disposed:false
262 http fetch GET 200 https://registry.npmjs.org/exit-hook 77ms (cache miss)
263 silly packumentCache full:https://registry.npmjs.org/exit-hook set size:undefined disposed:false
264 http fetch GET 200 https://registry.npmjs.org/acorn-walk 66ms (cache miss)
265 silly packumentCache full:https://registry.npmjs.org/acorn-walk set size:undefined disposed:false
266 http fetch GET 200 https://registry.npmjs.org/glob-to-regexp 61ms (cache miss)
267 silly packumentCache full:https://registry.npmjs.org/glob-to-regexp set size:undefined disposed:false
268 http fetch GET 200 https://registry.npmjs.org/esbuild-linux-riscv64 219ms (cache miss)
269 silly packumentCache full:https://registry.npmjs.org/esbuild-linux-riscv64 set size:undefined disposed:false
270 http fetch GET 200 https://registry.npmjs.org/undici 122ms (cache miss)
271 silly packumentCache full:https://registry.npmjs.org/undici set size:undefined disposed:false
272 http fetch GET 200 https://registry.npmjs.org/@cspotcode%2fsource-map-support 89ms (cache miss)
273 silly packumentCache full:https://registry.npmjs.org/@cspotcode%2fsource-map-support set size:undefined disposed:false
274 http fetch GET 200 https://registry.npmjs.org/zod 212ms (cache miss)
275 silly packumentCache full:https://registry.npmjs.org/zod set size:undefined disposed:false
276 http fetch GET 200 https://registry.npmjs.org/stoppable 207ms (cache miss)
277 silly packumentCache full:https://registry.npmjs.org/stoppable set size:undefined disposed:false
278 http fetch GET 200 https://registry.npmjs.org/shellac 211ms (cache miss)
279 silly packumentCache full:https://registry.npmjs.org/shellac set size:undefined disposed:false
280 silly placeDep ROOT anymatch@3.1.3 OK for: chokidar@3.6.0 want: ~3.1.2
281 silly placeDep ROOT braces@3.0.3 OK for: chokidar@3.6.0 want: ~3.0.2
282 silly placeDep ROOT fsevents@2.3.3 OK for: chokidar@3.6.0 want: ~2.3.2
283 silly placeDep ROOT glob-parent@5.1.2 OK for: chokidar@3.6.0 want: ~5.1.2
284 silly placeDep ROOT is-binary-path@2.1.0 OK for: chokidar@3.6.0 want: ~2.1.0
285 silly placeDep ROOT is-glob@4.0.3 OK for: chokidar@3.6.0 want: ~4.0.1
286 silly placeDep ROOT normalize-path@3.0.0 OK for: chokidar@3.6.0 want: ~3.0.0
287 silly placeDep ROOT readdirp@3.6.0 OK for: chokidar@3.6.0 want: ~3.6.0
288 silly fetch manifest picomatch@^2.0.4
289 silly packumentCache full:https://registry.npmjs.org/picomatch cache-miss
290 silly fetch manifest normalize-path@^3.0.0
291 silly packumentCache full:https://registry.npmjs.org/normalize-path cache-miss
292 silly fetch manifest fill-range@^7.1.1
293 silly packumentCache full:https://registry.npmjs.org/fill-range cache-miss
294 silly fetch manifest is-glob@^4.0.1
295 silly packumentCache full:https://registry.npmjs.org/is-glob cache-miss
296 silly fetch manifest binary-extensions@^2.0.0
297 silly packumentCache full:https://registry.npmjs.org/binary-extensions cache-miss
298 silly fetch manifest is-extglob@^2.1.1
299 silly packumentCache full:https://registry.npmjs.org/is-extglob cache-miss
300 silly fetch manifest picomatch@^2.2.1
301 silly packumentCache full:https://registry.npmjs.org/picomatch cache-miss
302 http cache https://registry.npmjs.org/normalize-path 7ms (cache hit)
303 silly packumentCache full:https://registry.npmjs.org/normalize-path set size:28713 disposed:false
304 http cache https://registry.npmjs.org/is-glob 8ms (cache hit)
305 silly packumentCache full:https://registry.npmjs.org/is-glob set size:40530 disposed:false
306 http fetch GET 200 https://registry.npmjs.org/binary-extensions 55ms (cache miss)
307 silly packumentCache full:https://registry.npmjs.org/binary-extensions set size:undefined disposed:false
308 http fetch GET 200 https://registry.npmjs.org/is-extglob 55ms (cache miss)
309 silly packumentCache full:https://registry.npmjs.org/is-extglob set size:undefined disposed:false
310 http fetch GET 200 https://registry.npmjs.org/picomatch 59ms (cache miss)
311 silly packumentCache full:https://registry.npmjs.org/picomatch set size:undefined disposed:false
312 http fetch GET 200 https://registry.npmjs.org/picomatch 63ms (cache miss)
313 silly packumentCache full:https://registry.npmjs.org/picomatch set size:undefined disposed:false
314 http fetch GET 200 https://registry.npmjs.org/fill-range 66ms (cache miss)
315 silly packumentCache full:https://registry.npmjs.org/fill-range set size:undefined disposed:false
316 silly placeDep ROOT picomatch@2.3.1 OK for: anymatch@3.1.3 want: ^2.0.4
317 silly placeDep ROOT fill-range@7.1.1 OK for: braces@3.0.3 want: ^7.1.1
318 silly fetch manifest to-regex-range@^5.0.1
319 silly packumentCache full:https://registry.npmjs.org/to-regex-range cache-miss
320 http fetch GET 200 https://registry.npmjs.org/to-regex-range 53ms (cache miss)
321 silly packumentCache full:https://registry.npmjs.org/to-regex-range set size:undefined disposed:false
322 silly placeDep ROOT to-regex-range@5.0.1 OK for: fill-range@7.1.1 want: ^5.0.1
323 silly fetch manifest is-number@^7.0.0
324 silly packumentCache full:https://registry.npmjs.org/is-number cache-miss
325 http fetch GET 200 https://registry.npmjs.org/is-number 89ms (cache miss)
326 silly packumentCache full:https://registry.npmjs.org/is-number set size:undefined disposed:false
327 silly placeDep ROOT binary-extensions@2.3.0 OK for: is-binary-path@2.1.0 want: ^2.0.0
328 silly placeDep ROOT is-extglob@2.1.1 OK for: is-glob@4.0.3 want: ^2.1.1
329 silly placeDep ROOT argparse@2.0.1 OK for: js-yaml@4.1.1 want: ^2.0.1
330 silly placeDep ROOT @cspotcode/source-map-support@0.8.1 OK for: miniflare@3.20250718.3 want: 0.8.1
331 silly placeDep node_modules/miniflare acorn@8.14.0 OK for: miniflare@3.20250718.3 want: 8.14.0
332 silly placeDep ROOT acorn-walk@8.3.2 OK for: miniflare@3.20250718.3 want: 8.3.2
333 silly placeDep ROOT exit-hook@2.2.1 OK for: miniflare@3.20250718.3 want: 2.2.1
334 silly placeDep ROOT glob-to-regexp@0.4.1 OK for: miniflare@3.20250718.3 want: 0.4.1
335 silly placeDep ROOT stoppable@1.1.0 OK for: miniflare@3.20250718.3 want: 1.1.0
336 silly placeDep ROOT undici@5.29.0 OK for: miniflare@3.20250718.3 want: ^5.28.5
337 silly placeDep ROOT workerd@1.20250718.0 OK for: miniflare@3.20250718.3 want: 1.20250718.0
338 silly placeDep ROOT youch@3.3.4 OK for: miniflare@3.20250718.3 want: 3.3.4
339 silly placeDep ROOT zod@3.22.3 OK for: miniflare@3.20250718.3 want: 3.22.3
340 silly fetch manifest @jridgewell/trace-mapping@0.3.9
341 silly packumentCache full:https://registry.npmjs.org/@jridgewell%2ftrace-mapping cache-miss
342 silly fetch manifest @fastify/busboy@^2.0.0
343 silly packumentCache full:https://registry.npmjs.org/@fastify%2fbusboy cache-miss
344 silly fetch manifest @cloudflare/workerd-linux-64@1.20250718.0
345 silly packumentCache full:https://registry.npmjs.org/@cloudflare%2fworkerd-linux-64 cache-miss
346 silly fetch manifest @cloudflare/workerd-darwin-64@1.20250718.0
347 silly packumentCache full:https://registry.npmjs.org/@cloudflare%2fworkerd-darwin-64 cache-miss
348 silly fetch manifest @cloudflare/workerd-windows-64@1.20250718.0
349 silly packumentCache full:https://registry.npmjs.org/@cloudflare%2fworkerd-windows-64 cache-miss
350 silly fetch manifest @cloudflare/workerd-linux-arm64@1.20250718.0
351 silly packumentCache full:https://registry.npmjs.org/@cloudflare%2fworkerd-linux-arm64 cache-miss
352 silly fetch manifest @cloudflare/workerd-darwin-arm64@1.20250718.0
353 silly packumentCache full:https://registry.npmjs.org/@cloudflare%2fworkerd-darwin-arm64 cache-miss
354 silly fetch manifest cookie@^0.7.1
355 silly packumentCache full:https://registry.npmjs.org/cookie cache-miss
356 silly fetch manifest mustache@^4.2.0
357 silly packumentCache full:https://registry.npmjs.org/mustache cache-miss
358 silly fetch manifest stacktracey@^2.1.8
359 silly packumentCache full:https://registry.npmjs.org/stacktracey cache-miss
360 http cache https://registry.npmjs.org/cookie 14ms (cache hit)
361 silly packumentCache full:https://registry.npmjs.org/cookie set size:72891 disposed:false
362 http fetch GET 200 https://registry.npmjs.org/stacktracey 75ms (cache miss)
363 silly packumentCache full:https://registry.npmjs.org/stacktracey set size:undefined disposed:false
364 http fetch GET 200 https://registry.npmjs.org/mustache 84ms (cache miss)
365 silly packumentCache full:https://registry.npmjs.org/mustache set size:undefined disposed:false
366 http fetch GET 200 https://registry.npmjs.org/@jridgewell%2ftrace-mapping 91ms (cache miss)
367 silly packumentCache full:https://registry.npmjs.org/@jridgewell%2ftrace-mapping set size:undefined disposed:false
368 http fetch GET 200 https://registry.npmjs.org/@fastify%2fbusboy 94ms (cache miss)
369 silly packumentCache full:https://registry.npmjs.org/@fastify%2fbusboy set size:undefined disposed:false
370 http fetch GET 200 https://registry.npmjs.org/@cloudflare%2fworkerd-linux-arm64 153ms (cache miss)
371 silly packumentCache full:https://registry.npmjs.org/@cloudflare%2fworkerd-linux-arm64 set size:undefined disposed:false
372 http fetch GET 200 https://registry.npmjs.org/@cloudflare%2fworkerd-windows-64 172ms (cache miss)
373 silly packumentCache full:https://registry.npmjs.org/@cloudflare%2fworkerd-windows-64 set size:undefined disposed:false
374 http fetch GET 200 https://registry.npmjs.org/@cloudflare%2fworkerd-linux-64 185ms (cache miss)
375 silly packumentCache full:https://registry.npmjs.org/@cloudflare%2fworkerd-linux-64 set size:undefined disposed:false
376 http fetch GET 200 https://registry.npmjs.org/@cloudflare%2fworkerd-darwin-64 201ms (cache miss)
377 silly packumentCache full:https://registry.npmjs.org/@cloudflare%2fworkerd-darwin-64 set size:undefined disposed:false
378 http fetch GET 200 https://registry.npmjs.org/@cloudflare%2fworkerd-darwin-arm64 228ms (cache miss)
379 silly packumentCache full:https://registry.npmjs.org/@cloudflare%2fworkerd-darwin-arm64 set size:undefined disposed:false
380 silly placeDep ROOT @jridgewell/trace-mapping@0.3.9 OK for: @cspotcode/source-map-support@0.8.1 want: 0.3.9
381 silly fetch manifest @jridgewell/resolve-uri@^3.0.3
382 silly packumentCache full:https://registry.npmjs.org/@jridgewell%2fresolve-uri cache-miss
383 silly fetch manifest @jridgewell/sourcemap-codec@^1.4.10
384 silly packumentCache full:https://registry.npmjs.org/@jridgewell%2fsourcemap-codec cache-miss
385 http fetch GET 200 https://registry.npmjs.org/@jridgewell%2fsourcemap-codec 68ms (cache miss)
386 silly packumentCache full:https://registry.npmjs.org/@jridgewell%2fsourcemap-codec set size:undefined disposed:false
387 http fetch GET 200 https://registry.npmjs.org/@jridgewell%2fresolve-uri 94ms (cache miss)
388 silly packumentCache full:https://registry.npmjs.org/@jridgewell%2fresolve-uri set size:undefined disposed:false
389 silly placeDep ROOT @jridgewell/resolve-uri@3.1.2 OK for: @jridgewell/trace-mapping@0.3.9 want: ^3.0.3
390 silly placeDep ROOT @jridgewell/sourcemap-codec@1.5.5 OK for: @jridgewell/trace-mapping@0.3.9 want: ^1.4.10
391 silly placeDep ROOT shellac@0.8.0 OK for: package-manager-manager@0.2.0 want: ^0.8.0
392 silly fetch manifest reghex@^1.0.2
393 silly packumentCache full:https://registry.npmjs.org/reghex cache-miss
394 http fetch GET 200 https://registry.npmjs.org/reghex 199ms (cache miss)
395 silly packumentCache full:https://registry.npmjs.org/reghex set size:undefined disposed:false
396 silly placeDep ROOT reghex@1.0.2 OK for: shellac@0.8.0 want: ^1.0.2
397 silly placeDep ROOT is-number@7.0.0 OK for: to-regex-range@5.0.1 want: ^7.0.0
398 silly placeDep ROOT @fastify/busboy@2.1.1 OK for: undici@5.29.0 want: ^2.0.0
399 silly placeDep ROOT @cloudflare/workerd-darwin-64@1.20250718.0 OK for: workerd@1.20250718.0 want: 1.20250718.0
400 silly placeDep ROOT @cloudflare/workerd-darwin-arm64@1.20250718.0 OK for: workerd@1.20250718.0 want: 1.20250718.0
401 silly placeDep ROOT @cloudflare/workerd-linux-64@1.20250718.0 OK for: workerd@1.20250718.0 want: 1.20250718.0
402 silly placeDep ROOT @cloudflare/workerd-linux-arm64@1.20250718.0 OK for: workerd@1.20250718.0 want: 1.20250718.0
403 silly placeDep ROOT @cloudflare/workerd-windows-64@1.20250718.0 OK for: workerd@1.20250718.0 want: 1.20250718.0
404 silly placeDep ROOT @cloudflare/kv-asset-handler@0.4.2 OK for: wrangler@4.76.0 want: 0.4.2
405 silly placeDep ROOT @cloudflare/unenv-preset@2.16.0 OK for: wrangler@4.76.0 want: 2.16.0
406 silly placeDep ROOT blake3-wasm@2.1.5 OK for: wrangler@4.76.0 want: 2.1.5
407 silly placeDep node_modules/wrangler esbuild@0.27.3 OK for: wrangler@4.76.0 want: 0.27.3
408 silly placeDep node_modules/wrangler miniflare@4.20260317.1 OK for: wrangler@4.76.0 want: 4.20260317.1
409 silly placeDep ROOT path-to-regexp@6.3.0 OK for: wrangler@4.76.0 want: 6.3.0
410 silly placeDep ROOT unenv@2.0.0-rc.24 OK for: wrangler@4.76.0 want: 2.0.0-rc.24
411 silly placeDep node_modules/wrangler workerd@1.20260317.1 OK for: wrangler@4.76.0 want: 1.20260317.1
412 silly fetch manifest @esbuild/aix-ppc64@0.27.3
413 silly packumentCache full:https://registry.npmjs.org/@esbuild%2faix-ppc64 cache-miss
414 silly fetch manifest @esbuild/linux-arm@0.27.3
415 silly packumentCache full:https://registry.npmjs.org/@esbuild%2flinux-arm cache-miss
416 silly fetch manifest @esbuild/linux-x64@0.27.3
417 silly packumentCache full:https://registry.npmjs.org/@esbuild%2flinux-x64 cache-miss
418 silly fetch manifest @esbuild/sunos-x64@0.27.3
419 silly packumentCache full:https://registry.npmjs.org/@esbuild%2fsunos-x64 cache-miss
420 silly fetch manifest @esbuild/win32-x64@0.27.3
421 silly packumentCache full:https://registry.npmjs.org/@esbuild%2fwin32-x64 cache-miss
422 silly fetch manifest @esbuild/darwin-x64@0.27.3
423 silly packumentCache full:https://registry.npmjs.org/@esbuild%2fdarwin-x64 cache-miss
424 silly fetch manifest @esbuild/linux-ia32@0.27.3
425 silly packumentCache full:https://registry.npmjs.org/@esbuild%2flinux-ia32 cache-miss
426 silly fetch manifest @esbuild/netbsd-x64@0.27.3
427 silly packumentCache full:https://registry.npmjs.org/@esbuild%2fnetbsd-x64 cache-miss
428 silly fetch manifest @esbuild/win32-ia32@0.27.3
429 silly packumentCache full:https://registry.npmjs.org/@esbuild%2fwin32-ia32 cache-miss
430 silly fetch manifest @esbuild/android-arm@0.27.3
431 silly packumentCache full:https://registry.npmjs.org/@esbuild%2fandroid-arm cache-hit
432 silly fetch manifest @esbuild/android-x64@0.27.3
433 silly packumentCache full:https://registry.npmjs.org/@esbuild%2fandroid-x64 cache-miss
434 silly fetch manifest @esbuild/freebsd-x64@0.27.3
435 silly packumentCache full:https://registry.npmjs.org/@esbuild%2ffreebsd-x64 cache-miss
436 http fetch GET 200 https://registry.npmjs.org/@esbuild%2faix-ppc64 73ms (cache revalidated)
437 silly packumentCache full:https://registry.npmjs.org/@esbuild%2faix-ppc64 set size:57686 disposed:false
438 silly fetch manifest @esbuild/linux-arm64@0.27.3
439 silly packumentCache full:https://registry.npmjs.org/@esbuild%2flinux-arm64 cache-miss
440 http fetch GET 200 https://registry.npmjs.org/@esbuild%2fdarwin-x64 73ms (cache revalidated)
441 silly packumentCache full:https://registry.npmjs.org/@esbuild%2fdarwin-x64 set size:189577 disposed:false
442 silly fetch manifest @esbuild/linux-ppc64@0.27.3
443 silly packumentCache full:https://registry.npmjs.org/@esbuild%2flinux-ppc64 cache-miss
444 http fetch GET 200 https://registry.npmjs.org/@esbuild%2flinux-ia32 79ms (cache revalidated)
445 silly packumentCache full:https://registry.npmjs.org/@esbuild%2flinux-ia32 set size:189532 disposed:false
446 silly fetch manifest @esbuild/linux-s390x@0.27.3
447 silly packumentCache full:https://registry.npmjs.org/@esbuild%2flinux-s390x cache-miss
448 http fetch GET 200 https://registry.npmjs.org/@esbuild%2fnetbsd-x64 82ms (cache revalidated)
449 silly packumentCache full:https://registry.npmjs.org/@esbuild%2fnetbsd-x64 set size:187362 disposed:false
450 silly fetch manifest @esbuild/openbsd-x64@0.27.3
451 silly packumentCache full:https://registry.npmjs.org/@esbuild%2fopenbsd-x64 cache-miss
452 http fetch GET 200 https://registry.npmjs.org/@esbuild%2fandroid-x64 89ms (cache revalidated)
453 silly packumentCache full:https://registry.npmjs.org/@esbuild%2fandroid-x64 set size:188956 disposed:false
454 silly fetch manifest @esbuild/win32-arm64@0.27.3
455 silly packumentCache full:https://registry.npmjs.org/@esbuild%2fwin32-arm64 cache-miss
456 http fetch GET 200 https://registry.npmjs.org/@esbuild%2flinux-arm 95ms (cache revalidated)
457 silly packumentCache full:https://registry.npmjs.org/@esbuild%2flinux-arm set size:188561 disposed:false
458 silly fetch manifest @esbuild/darwin-arm64@0.27.3
459 silly packumentCache full:https://registry.npmjs.org/@esbuild%2fdarwin-arm64 cache-miss
460 http fetch GET 200 https://registry.npmjs.org/@esbuild%2fwin32-x64 96ms (cache revalidated)
461 silly packumentCache full:https://registry.npmjs.org/@esbuild%2fwin32-x64 set size:189125 disposed:false
462 silly fetch manifest @esbuild/netbsd-arm64@0.27.3
463 silly packumentCache full:https://registry.npmjs.org/@esbuild%2fnetbsd-arm64 cache-miss
464 http fetch GET 200 https://registry.npmjs.org/@esbuild%2flinux-x64 99ms (cache revalidated)
465 silly packumentCache full:https://registry.npmjs.org/@esbuild%2flinux-x64 set size:188891 disposed:false
466 silly fetch manifest @esbuild/android-arm64@0.27.3
467 silly packumentCache full:https://registry.npmjs.org/@esbuild%2fandroid-arm64 cache-miss
468 http fetch GET 200 https://registry.npmjs.org/@esbuild%2ffreebsd-x64 98ms (cache revalidated)
469 silly packumentCache full:https://registry.npmjs.org/@esbuild%2ffreebsd-x64 set size:190419 disposed:false
470 silly fetch manifest @esbuild/freebsd-arm64@0.27.3
471 silly packumentCache full:https://registry.npmjs.org/@esbuild%2ffreebsd-arm64 cache-miss
472 http fetch GET 200 https://registry.npmjs.org/@esbuild%2fwin32-ia32 102ms (cache revalidated)
473 silly packumentCache full:https://registry.npmjs.org/@esbuild%2fwin32-ia32 set size:189750 disposed:false
474 silly fetch manifest @esbuild/linux-loong64@0.27.3
475 silly packumentCache full:https://registry.npmjs.org/@esbuild%2flinux-loong64 cache-hit
476 silly fetch manifest @esbuild/linux-riscv64@0.27.3
477 silly packumentCache full:https://registry.npmjs.org/@esbuild%2flinux-riscv64 cache-miss
478 http fetch GET 200 https://registry.npmjs.org/@esbuild%2fsunos-x64 111ms (cache revalidated)
479 silly packumentCache full:https://registry.npmjs.org/@esbuild%2fsunos-x64 set size:189123 disposed:false
480 silly fetch manifest @esbuild/openbsd-arm64@0.27.3
481 silly packumentCache full:https://registry.npmjs.org/@esbuild%2fopenbsd-arm64 cache-miss
482 http fetch GET 200 https://registry.npmjs.org/@esbuild%2flinux-arm64 67ms (cache revalidated)
483 silly packumentCache full:https://registry.npmjs.org/@esbuild%2flinux-arm64 set size:190613 disposed:false
484 silly fetch manifest @esbuild/linux-mips64el@0.27.3
485 silly packumentCache full:https://registry.npmjs.org/@esbuild%2flinux-mips64el cache-miss
486 http fetch GET 200 https://registry.npmjs.org/@esbuild%2flinux-ppc64 87ms (cache revalidated)
487 silly packumentCache full:https://registry.npmjs.org/@esbuild%2flinux-ppc64 set size:192578 disposed:false
488 silly fetch manifest @esbuild/openharmony-arm64@0.27.3
489 silly packumentCache full:https://registry.npmjs.org/@esbuild%2fopenharmony-arm64 cache-miss
490 http fetch GET 200 https://registry.npmjs.org/@esbuild%2fopenbsd-x64 83ms (cache revalidated)
491 silly packumentCache full:https://registry.npmjs.org/@esbuild%2fopenbsd-x64 set size:190425 disposed:false
492 silly fetch manifest undici@7.24.4
493 silly packumentCache full:https://registry.npmjs.org/undici cache-miss
494 http fetch GET 200 https://registry.npmjs.org/@esbuild%2fnetbsd-arm64 72ms (cache revalidated)
495 silly packumentCache full:https://registry.npmjs.org/@esbuild%2fnetbsd-arm64 set size:34101 disposed:false
496 silly fetch manifest youch@4.1.0-beta.10
497 silly packumentCache full:https://registry.npmjs.org/youch cache-miss
498 http fetch GET 200 https://registry.npmjs.org/@esbuild%2ffreebsd-arm64 70ms (cache revalidated)
499 silly packumentCache full:https://registry.npmjs.org/@esbuild%2ffreebsd-arm64 set size:192128 disposed:false
500 silly fetch manifest pathe@^2.0.3
501 silly packumentCache full:https://registry.npmjs.org/pathe cache-miss
502 http fetch GET 200 https://registry.npmjs.org/@esbuild%2fdarwin-arm64 84ms (cache revalidated)
503 silly packumentCache full:https://registry.npmjs.org/@esbuild%2fdarwin-arm64 set size:191268 disposed:false
504 silly fetch manifest @cloudflare/workerd-darwin-arm64@1.20260317.1
505 silly packumentCache full:https://registry.npmjs.org/@cloudflare%2fworkerd-darwin-arm64 cache-miss
506 http fetch GET 200 https://registry.npmjs.org/@esbuild%2fopenbsd-arm64 70ms (cache revalidated)
507 silly packumentCache full:https://registry.npmjs.org/@esbuild%2fopenbsd-arm64 set size:39385 disposed:false
508 silly fetch manifest @cloudflare/workerd-darwin-64@1.20260317.1
509 silly packumentCache full:https://registry.npmjs.org/@cloudflare%2fworkerd-darwin-64 cache-miss
510 http fetch GET 200 https://registry.npmjs.org/@esbuild%2flinux-s390x 102ms (cache revalidated)
511 silly packumentCache full:https://registry.npmjs.org/@esbuild%2flinux-s390x set size:192070 disposed:false
512 silly fetch manifest @cloudflare/workerd-linux-arm64@1.20260317.1
513 silly packumentCache full:https://registry.npmjs.org/@cloudflare%2fworkerd-linux-arm64 cache-miss
514 http fetch GET 200 https://registry.npmjs.org/@esbuild%2flinux-riscv64 83ms (cache revalidated)
515 silly packumentCache full:https://registry.npmjs.org/@esbuild%2flinux-riscv64 set size:192251 disposed:false
516 silly fetch manifest @cloudflare/workerd-linux-64@1.20260317.1
517 silly packumentCache full:https://registry.npmjs.org/@cloudflare%2fworkerd-linux-64 cache-miss
518 http fetch GET 200 https://registry.npmjs.org/@esbuild%2fandroid-arm64 90ms (cache revalidated)
519 silly packumentCache full:https://registry.npmjs.org/@esbuild%2fandroid-arm64 set size:193961 disposed:false
520 silly fetch manifest @cloudflare/workerd-windows-64@1.20260317.1
521 silly packumentCache full:https://registry.npmjs.org/@cloudflare%2fworkerd-windows-64 cache-miss
522 http cache https://registry.npmjs.org/youch 30ms (cache hit)
523 silly packumentCache full:https://registry.npmjs.org/youch set size:150933 disposed:false
524 http cache https://registry.npmjs.org/undici 37ms (cache hit)
525 silly packumentCache full:https://registry.npmjs.org/undici set size:1331144 disposed:false
526 http fetch GET 200 https://registry.npmjs.org/@esbuild%2fwin32-arm64 126ms (cache revalidated)
527 silly packumentCache full:https://registry.npmjs.org/@esbuild%2fwin32-arm64 set size:190835 disposed:false
528 http fetch GET 200 https://registry.npmjs.org/@esbuild%2flinux-mips64el 80ms (cache revalidated)
529 silly packumentCache full:https://registry.npmjs.org/@esbuild%2flinux-mips64el set size:194259 disposed:false
530 http cache https://registry.npmjs.org/@cloudflare%2fworkerd-darwin-64 44ms (cache hit)
531 silly packumentCache full:https://registry.npmjs.org/@cloudflare%2fworkerd-darwin-64 set size:1439394 disposed:false
532 http cache https://registry.npmjs.org/@cloudflare%2fworkerd-darwin-arm64 60ms (cache hit)
533 silly packumentCache full:https://registry.npmjs.org/@cloudflare%2fworkerd-darwin-arm64 set size:1437884 disposed:false
534 http cache https://registry.npmjs.org/@cloudflare%2fworkerd-linux-arm64 66ms (cache hit)
535 silly packumentCache full:https://registry.npmjs.org/@cloudflare%2fworkerd-linux-arm64 set size:1429030 disposed:false
536 http cache https://registry.npmjs.org/@cloudflare%2fworkerd-windows-64 77ms (cache hit)
537 silly packumentCache full:https://registry.npmjs.org/@cloudflare%2fworkerd-windows-64 set size:1346680 disposed:false
538 http cache https://registry.npmjs.org/@cloudflare%2fworkerd-linux-64 90ms (cache hit)
539 silly packumentCache full:https://registry.npmjs.org/@cloudflare%2fworkerd-linux-64 set size:1437918 disposed:false
540 http fetch GET 200 https://registry.npmjs.org/pathe 120ms (cache miss)
541 silly packumentCache full:https://registry.npmjs.org/pathe set size:undefined disposed:false
542 http fetch GET 200 https://registry.npmjs.org/@esbuild%2fopenharmony-arm64 132ms (cache revalidated)
543 silly packumentCache full:https://registry.npmjs.org/@esbuild%2fopenharmony-arm64 set size:22704 disposed:false
544 silly placeDep ROOT pathe@2.0.3 OK for: unenv@2.0.0-rc.24 want: ^2.0.3
545 silly placeDep node_modules/youch cookie@0.7.2 OK for: youch@3.3.4 want: ^0.7.1
546 silly placeDep ROOT mustache@4.2.0 OK for: youch@3.3.4 want: ^4.2.0
547 silly placeDep ROOT stacktracey@2.2.0 OK for: youch@3.3.4 want: ^2.1.8
548 silly fetch manifest as-table@^1.0.36
549 silly packumentCache full:https://registry.npmjs.org/as-table cache-miss
550 silly fetch manifest get-source@^2.0.12
551 silly packumentCache full:https://registry.npmjs.org/get-source cache-miss
552 http fetch GET 200 https://registry.npmjs.org/get-source 193ms (cache miss)
553 silly packumentCache full:https://registry.npmjs.org/get-source set size:undefined disposed:false
554 http fetch GET 200 https://registry.npmjs.org/as-table 509ms (cache miss)
555 silly packumentCache full:https://registry.npmjs.org/as-table set size:undefined disposed:false
556 silly placeDep ROOT as-table@1.0.55 OK for: stacktracey@2.2.0 want: ^1.0.36
557 silly placeDep ROOT get-source@2.0.12 OK for: stacktracey@2.2.0 want: ^2.0.12
558 silly fetch manifest printable-characters@^1.0.42
559 silly packumentCache full:https://registry.npmjs.org/printable-characters cache-miss
560 silly fetch manifest data-uri-to-buffer@^2.0.0
561 silly packumentCache full:https://registry.npmjs.org/data-uri-to-buffer cache-miss
562 silly fetch manifest source-map@^0.6.1
563 silly packumentCache full:https://registry.npmjs.org/source-map cache-miss
564 http fetch GET 200 https://registry.npmjs.org/data-uri-to-buffer 43ms (cache miss)
565 silly packumentCache full:https://registry.npmjs.org/data-uri-to-buffer set size:undefined disposed:false
566 http fetch GET 200 https://registry.npmjs.org/source-map 53ms (cache miss)
567 silly packumentCache full:https://registry.npmjs.org/source-map set size:undefined disposed:false
568 http fetch GET 200 https://registry.npmjs.org/printable-characters 206ms (cache miss)
569 silly packumentCache full:https://registry.npmjs.org/printable-characters set size:undefined disposed:false
570 silly placeDep ROOT printable-characters@1.0.42 OK for: as-table@1.0.55 want: ^1.0.42
571 silly placeDep ROOT data-uri-to-buffer@2.0.2 OK for: get-source@2.0.12 want: ^2.0.0
572 silly placeDep ROOT source-map@0.6.1 OK for: get-source@2.0.12 want: ^0.6.1
573 silly placeDep node_modules/@cloudflare/next-on-pages @esbuild/android-arm@0.15.18 OK for: esbuild@0.15.18 want: 0.15.18
574 silly placeDep node_modules/@cloudflare/next-on-pages @esbuild/linux-loong64@0.15.18 OK for: esbuild@0.15.18 want: 0.15.18
575 silly placeDep ROOT esbuild-android-64@0.15.18 OK for: esbuild@0.15.18 want: 0.15.18
576 silly placeDep ROOT esbuild-android-arm64@0.15.18 OK for: esbuild@0.15.18 want: 0.15.18
577 silly placeDep ROOT esbuild-darwin-64@0.15.18 OK for: esbuild@0.15.18 want: 0.15.18
578 silly placeDep ROOT esbuild-darwin-arm64@0.15.18 OK for: esbuild@0.15.18 want: 0.15.18
579 silly placeDep ROOT esbuild-freebsd-64@0.15.18 OK for: esbuild@0.15.18 want: 0.15.18
580 silly placeDep ROOT esbuild-freebsd-arm64@0.15.18 OK for: esbuild@0.15.18 want: 0.15.18
581 silly placeDep ROOT esbuild-linux-32@0.15.18 OK for: esbuild@0.15.18 want: 0.15.18
582 silly placeDep ROOT esbuild-linux-64@0.15.18 OK for: esbuild@0.15.18 want: 0.15.18
583 silly placeDep ROOT esbuild-linux-arm@0.15.18 OK for: esbuild@0.15.18 want: 0.15.18
584 silly placeDep ROOT esbuild-linux-arm64@0.15.18 OK for: esbuild@0.15.18 want: 0.15.18
585 silly placeDep ROOT esbuild-linux-mips64le@0.15.18 OK for: esbuild@0.15.18 want: 0.15.18
586 silly placeDep ROOT esbuild-linux-ppc64le@0.15.18 OK for: esbuild@0.15.18 want: 0.15.18
587 silly placeDep ROOT esbuild-linux-riscv64@0.15.18 OK for: esbuild@0.15.18 want: 0.15.18
588 silly placeDep ROOT esbuild-linux-s390x@0.15.18 OK for: esbuild@0.15.18 want: 0.15.18
589 silly placeDep ROOT esbuild-netbsd-64@0.15.18 OK for: esbuild@0.15.18 want: 0.15.18
590 silly placeDep ROOT esbuild-openbsd-64@0.15.18 OK for: esbuild@0.15.18 want: 0.15.18
591 silly placeDep ROOT esbuild-sunos-64@0.15.18 OK for: esbuild@0.15.18 want: 0.15.18
592 silly placeDep ROOT esbuild-windows-32@0.15.18 OK for: esbuild@0.15.18 want: 0.15.18
593 silly placeDep ROOT esbuild-windows-64@0.15.18 OK for: esbuild@0.15.18 want: 0.15.18
594 silly placeDep ROOT esbuild-windows-arm64@0.15.18 OK for: esbuild@0.15.18 want: 0.15.18
595 silly placeDep node_modules/wrangler @esbuild/aix-ppc64@0.27.3 OK for: esbuild@0.27.3 want: 0.27.3
596 silly placeDep node_modules/wrangler @esbuild/android-arm@0.27.3 OK for: esbuild@0.27.3 want: 0.27.3
597 silly placeDep node_modules/wrangler @esbuild/android-arm64@0.27.3 OK for: esbuild@0.27.3 want: 0.27.3
598 silly placeDep node_modules/wrangler @esbuild/android-x64@0.27.3 OK for: esbuild@0.27.3 want: 0.27.3
599 silly placeDep node_modules/wrangler @esbuild/darwin-arm64@0.27.3 OK for: esbuild@0.27.3 want: 0.27.3
600 silly placeDep node_modules/wrangler @esbuild/darwin-x64@0.27.3 OK for: esbuild@0.27.3 want: 0.27.3
601 silly placeDep node_modules/wrangler @esbuild/freebsd-arm64@0.27.3 OK for: esbuild@0.27.3 want: 0.27.3
602 silly placeDep node_modules/wrangler @esbuild/freebsd-x64@0.27.3 OK for: esbuild@0.27.3 want: 0.27.3
603 silly placeDep node_modules/wrangler @esbuild/linux-arm@0.27.3 OK for: esbuild@0.27.3 want: 0.27.3
604 silly placeDep node_modules/wrangler @esbuild/linux-arm64@0.27.3 OK for: esbuild@0.27.3 want: 0.27.3
605 silly placeDep node_modules/wrangler @esbuild/linux-ia32@0.27.3 OK for: esbuild@0.27.3 want: 0.27.3
606 silly placeDep node_modules/wrangler @esbuild/linux-loong64@0.27.3 OK for: esbuild@0.27.3 want: 0.27.3
607 silly placeDep node_modules/wrangler @esbuild/linux-mips64el@0.27.3 OK for: esbuild@0.27.3 want: 0.27.3
608 silly placeDep node_modules/wrangler @esbuild/linux-ppc64@0.27.3 OK for: esbuild@0.27.3 want: 0.27.3
609 silly placeDep node_modules/wrangler @esbuild/linux-riscv64@0.27.3 OK for: esbuild@0.27.3 want: 0.27.3
610 silly placeDep node_modules/wrangler @esbuild/linux-s390x@0.27.3 OK for: esbuild@0.27.3 want: 0.27.3
611 silly placeDep node_modules/wrangler @esbuild/linux-x64@0.27.3 OK for: esbuild@0.27.3 want: 0.27.3
612 silly placeDep node_modules/wrangler @esbuild/netbsd-arm64@0.27.3 OK for: esbuild@0.27.3 want: 0.27.3
613 silly placeDep node_modules/wrangler @esbuild/netbsd-x64@0.27.3 OK for: esbuild@0.27.3 want: 0.27.3
614 silly placeDep node_modules/wrangler @esbuild/openbsd-arm64@0.27.3 OK for: esbuild@0.27.3 want: 0.27.3
615 silly placeDep node_modules/wrangler @esbuild/openbsd-x64@0.27.3 OK for: esbuild@0.27.3 want: 0.27.3
616 silly placeDep node_modules/wrangler @esbuild/openharmony-arm64@0.27.3 OK for: esbuild@0.27.3 want: 0.27.3
617 silly placeDep node_modules/wrangler @esbuild/sunos-x64@0.27.3 OK for: esbuild@0.27.3 want: 0.27.3
618 silly placeDep node_modules/wrangler @esbuild/win32-arm64@0.27.3 OK for: esbuild@0.27.3 want: 0.27.3
619 silly placeDep node_modules/wrangler @esbuild/win32-ia32@0.27.3 OK for: esbuild@0.27.3 want: 0.27.3
620 silly placeDep node_modules/wrangler @esbuild/win32-x64@0.27.3 OK for: esbuild@0.27.3 want: 0.27.3
621 silly placeDep node_modules/wrangler undici@7.24.4 OK for: miniflare@4.20260317.1 want: 7.24.4
622 silly placeDep node_modules/wrangler youch@4.1.0-beta.10 OK for: miniflare@4.20260317.1 want: 4.1.0-beta.10
623 silly fetch manifest cookie@^1.0.2
624 silly packumentCache full:https://registry.npmjs.org/cookie cache-hit
625 silly fetch manifest youch-core@^0.3.3
626 silly packumentCache full:https://registry.npmjs.org/youch-core cache-miss
627 silly fetch manifest @poppinss/colors@^4.1.5
628 silly packumentCache full:https://registry.npmjs.org/@poppinss%2fcolors cache-miss
629 silly fetch manifest @poppinss/dumper@^0.6.4
630 silly packumentCache full:https://registry.npmjs.org/@poppinss%2fdumper cache-miss
631 silly fetch manifest @speed-highlight/core@^1.2.7
632 silly packumentCache full:https://registry.npmjs.org/@speed-highlight%2fcore cache-miss
633 http fetch GET 200 https://registry.npmjs.org/youch-core 50ms (cache miss)
634 silly packumentCache full:https://registry.npmjs.org/youch-core set size:undefined disposed:false
635 http fetch GET 200 https://registry.npmjs.org/@speed-highlight%2fcore 56ms (cache miss)
636 silly packumentCache full:https://registry.npmjs.org/@speed-highlight%2fcore set size:undefined disposed:false
637 http fetch GET 200 https://registry.npmjs.org/@poppinss%2fdumper 65ms (cache miss)
638 silly packumentCache full:https://registry.npmjs.org/@poppinss%2fdumper set size:undefined disposed:false
639 http fetch GET 200 https://registry.npmjs.org/@poppinss%2fcolors 79ms (cache miss)
640 silly packumentCache full:https://registry.npmjs.org/@poppinss%2fcolors set size:undefined disposed:false
641 silly placeDep node_modules/wrangler @cloudflare/workerd-darwin-64@1.20260317.1 OK for: workerd@1.20260317.1 want: 1.20260317.1
642 silly placeDep node_modules/wrangler @cloudflare/workerd-darwin-arm64@1.20260317.1 OK for: workerd@1.20260317.1 want: 1.20260317.1
643 silly placeDep node_modules/wrangler @cloudflare/workerd-linux-64@1.20260317.1 OK for: workerd@1.20260317.1 want: 1.20260317.1
644 silly placeDep node_modules/wrangler @cloudflare/workerd-linux-arm64@1.20260317.1 OK for: workerd@1.20260317.1 want: 1.20260317.1
645 silly placeDep node_modules/wrangler @cloudflare/workerd-windows-64@1.20260317.1 OK for: workerd@1.20260317.1 want: 1.20260317.1
646 silly placeDep ROOT @poppinss/colors@4.1.6 OK for: youch@4.1.0-beta.10 want: ^4.1.5
647 silly placeDep ROOT @poppinss/dumper@0.6.5 OK for: youch@4.1.0-beta.10 want: ^0.6.4
648 silly placeDep ROOT @speed-highlight/core@1.2.15 OK for: youch@4.1.0-beta.10 want: ^1.2.7
649 silly placeDep node_modules/wrangler cookie@1.1.1 OK for: youch@4.1.0-beta.10 want: ^1.0.2
650 silly placeDep ROOT youch-core@0.3.3 OK for: youch@4.1.0-beta.10 want: ^0.3.3
651 silly fetch manifest kleur@^4.1.5
652 silly packumentCache full:https://registry.npmjs.org/kleur cache-miss
653 silly fetch manifest supports-color@^10.0.0
654 silly packumentCache full:https://registry.npmjs.org/supports-color cache-miss
655 silly fetch manifest @sindresorhus/is@^7.0.2
656 silly packumentCache full:https://registry.npmjs.org/@sindresorhus%2fis cache-miss
657 silly fetch manifest @poppinss/exception@^1.2.2
658 silly packumentCache full:https://registry.npmjs.org/@poppinss%2fexception cache-miss
659 silly fetch manifest error-stack-parser-es@^1.0.5
660 silly packumentCache full:https://registry.npmjs.org/error-stack-parser-es cache-miss
661 http fetch GET 200 https://registry.npmjs.org/kleur 44ms (cache miss)
662 silly packumentCache full:https://registry.npmjs.org/kleur set size:undefined disposed:false
663 http fetch GET 200 https://registry.npmjs.org/error-stack-parser-es 44ms (cache miss)
664 silly packumentCache full:https://registry.npmjs.org/error-stack-parser-es set size:undefined disposed:false
665 http fetch GET 200 https://registry.npmjs.org/supports-color 46ms (cache miss)
666 silly packumentCache full:https://registry.npmjs.org/supports-color set size:undefined disposed:false
667 http fetch GET 200 https://registry.npmjs.org/@poppinss%2fexception 59ms (cache miss)
668 silly packumentCache full:https://registry.npmjs.org/@poppinss%2fexception set size:undefined disposed:false
669 http fetch GET 200 https://registry.npmjs.org/@sindresorhus%2fis 64ms (cache miss)
670 silly packumentCache full:https://registry.npmjs.org/@sindresorhus%2fis set size:undefined disposed:false
671 silly placeDep ROOT kleur@4.1.5 OK for: @poppinss/colors@4.1.6 want: ^4.1.5
672 silly placeDep ROOT @sindresorhus/is@7.2.0 OK for: @poppinss/dumper@0.6.5 want: ^7.0.2
673 silly placeDep ROOT supports-color@10.2.2 OK for: @poppinss/dumper@0.6.5 want: ^10.0.0
674 silly placeDep ROOT @poppinss/exception@1.2.3 OK for: youch-core@0.3.3 want: ^1.2.2
675 silly placeDep ROOT error-stack-parser-es@1.0.5 OK for: youch-core@0.3.3 want: ^1.0.5
676 silly reify moves {}
677 verbose stack Error: EPERM: operation not permitted, mkdir '/Users/leads/dev/Porfolio/lrdene-portfolio/node_modules/@cloudflare/next-on-pages/node_modules'
677 verbose stack     at async mkdir (node:internal/fs/promises:855:10)
677 verbose stack     at async /Users/leads/.local/share/fnm/node-versions/v22.22.0/installation/lib/node_modules/npm/node_modules/@npmcli/arborist/lib/arborist/reify.js:572:20
677 verbose stack     at async Promise.allSettled (index 38)
677 verbose stack     at async #reifyPackages (/Users/leads/.local/share/fnm/node-versions/v22.22.0/installation/lib/node_modules/npm/node_modules/@npmcli/arborist/lib/arborist/reify.js:309:11)
677 verbose stack     at async Arborist.reify (/Users/leads/.local/share/fnm/node-versions/v22.22.0/installation/lib/node_modules/npm/node_modules/@npmcli/arborist/lib/arborist/reify.js:121:5)
677 verbose stack     at async Install.exec (/Users/leads/.local/share/fnm/node-versions/v22.22.0/installation/lib/node_modules/npm/lib/commands/install.js:152:5)
677 verbose stack     at async Npm.exec (/Users/leads/.local/share/fnm/node-versions/v22.22.0/installation/lib/node_modules/npm/lib/npm.js:209:9)
677 verbose stack     at async module.exports (/Users/leads/.local/share/fnm/node-versions/v22.22.0/installation/lib/node_modules/npm/lib/cli/entry.js:67:5)
678 error code EPERM
679 error syscall mkdir
680 error path /Users/leads/dev/Porfolio/lrdene-portfolio/node_modules/@cloudflare/next-on-pages/node_modules
681 error errno -1
682 error Error: EPERM: operation not permitted, mkdir '/Users/leads/dev/Porfolio/lrdene-portfolio/node_modules/@cloudflare/next-on-pages/node_modules'
682 error     at async mkdir (node:internal/fs/promises:855:10)
682 error     at async /Users/leads/.local/share/fnm/node-versions/v22.22.0/installation/lib/node_modules/npm/node_modules/@npmcli/arborist/lib/arborist/reify.js:572:20
682 error     at async Promise.allSettled (index 38)
682 error     at async #reifyPackages (/Users/leads/.local/share/fnm/node-versions/v22.22.0/installation/lib/node_modules/npm/node_modules/@npmcli/arborist/lib/arborist/reify.js:309:11)
682 error     at async Arborist.reify (/Users/leads/.local/share/fnm/node-versions/v22.22.0/installation/lib/node_modules/npm/node_modules/@npmcli/arborist/lib/arborist/reify.js:121:5)
682 error     at async Install.exec (/Users/leads/.local/share/fnm/node-versions/v22.22.0/installation/lib/node_modules/npm/lib/commands/install.js:152:5)
682 error     at async Npm.exec (/Users/leads/.local/share/fnm/node-versions/v22.22.0/installation/lib/node_modules/npm/lib/npm.js:209:9)
682 error     at async module.exports (/Users/leads/.local/share/fnm/node-versions/v22.22.0/installation/lib/node_modules/npm/lib/cli/entry.js:67:5) {
682 error   errno: -1,
682 error   code: 'EPERM',
682 error   syscall: 'mkdir',
682 error   path: '/Users/leads/dev/Porfolio/lrdene-portfolio/node_modules/@cloudflare/next-on-pages/node_modules'
682 error }
683 error
683 error The operation was rejected by your operating system.
683 error It is likely you do not have the permissions to access this file as the current user
683 error
683 error If you believe this might be a permissions issue, please double-check the
683 error permissions of the file and its containing directories, or try running
683 error the command again as root/Administrator.
684 silly unfinished npm timer reify 1774101371316
685 silly unfinished npm timer reify:createSparse 1774101376093
686 verbose cwd /Users/leads/dev/Porfolio/lrdene-portfolio
687 verbose os Darwin 25.4.0
688 verbose node v22.22.0
689 verbose npm  v11.11.0
690 verbose exit -1
691 verbose code -1
692 error A complete log of this run can be found in: /Users/leads/dev/Porfolio/lrdene-portfolio/.npm-cache/_logs/2026-03-21T13_56_09_183Z-debug-0.log
