0 verbose cli /Users/leads/.local/share/fnm/node-versions/v22.22.0/installation/bin/node /Users/leads/.local/state/fnm_multishells/11271_1774095922514/bin/npm
1 info using npm@11.11.0
2 info using node@v22.22.0
3 silly config load:file:/Users/leads/.local/share/fnm/node-versions/v22.22.0/installation/lib/node_modules/npm/npmrc
4 silly config load:file:/Users/leads/dev/Porfolio/lrdene-portfolio/.npmrc
5 silly config load:file:/Users/leads/.npmrc
6 silly config load:file:/Users/leads/.local/share/fnm/node-versions/v22.22.0/installation/etc/npmrc
7 verbose title npm install
8 verbose argv "install" "--cache" "./.npm-cache"
9 verbose logfile logs-max:10 dir:/Users/leads/dev/Porfolio/lrdene-portfolio/.npm-cache/_logs/2026-03-21T12_40_05_509Z-
10 verbose logfile /Users/leads/dev/Porfolio/lrdene-portfolio/.npm-cache/_logs/2026-03-21T12_40_05_509Z-debug-0.log
11 silly logfile done cleaning log files
12 silly packumentCache heap:4345298944 maxSize:1086324736 maxEntrySize:543162368
13 silly idealTree buildDeps
14 silly fetch manifest clsx@latest
15 silly packumentCache full:https://registry.npmjs.org/clsx cache-miss
16 http cache https://registry.npmjs.org/clsx 13ms (cache hit)
17 silly packumentCache full:https://registry.npmjs.org/clsx set size:42506 disposed:false
18 silly fetch manifest framer-motion@^12.38.0
19 silly packumentCache full:https://registry.npmjs.org/framer-motion cache-miss
20 http cache https://registry.npmjs.org/framer-motion 23ms (cache hit)
21 silly packumentCache full:https://registry.npmjs.org/framer-motion set size:10001426 disposed:false
22 silly fetch manifest @emotion/is-prop-valid@*
23 silly packumentCache full:https://registry.npmjs.org/@emotion%2fis-prop-valid cache-miss
24 http cache https://registry.npmjs.org/@emotion%2fis-prop-valid 11ms (cache hit)
25 silly packumentCache full:https://registry.npmjs.org/@emotion%2fis-prop-valid set size:96664 disposed:false
26 silly fetch manifest react@^19.0.0
27 silly packumentCache full:https://registry.npmjs.org/react cache-miss
28 http cache https://registry.npmjs.org/react 14ms (cache hit)
29 silly packumentCache full:https://registry.npmjs.org/react set size:6555426 disposed:false
30 silly fetch manifest react-dom@^19.0.0
31 silly packumentCache full:https://registry.npmjs.org/react-dom cache-miss
32 http cache https://registry.npmjs.org/react-dom 21ms (cache hit)
33 silly packumentCache full:https://registry.npmjs.org/react-dom set size:8705519 disposed:false
34 silly fetch manifest lucide-react@^0.577.0
35 silly packumentCache full:https://registry.npmjs.org/lucide-react cache-miss
36 http cache https://registry.npmjs.org/lucide-react 10ms (cache hit)
37 silly packumentCache full:https://registry.npmjs.org/lucide-react set size:2199673 disposed:false
38 silly fetch manifest next@^15.2.1
39 silly packumentCache full:https://registry.npmjs.org/next cache-miss
40 http cache https://registry.npmjs.org/next 62ms (cache hit)
41 silly packumentCache full:https://registry.npmjs.org/next set size:29741260 disposed:false
42 silly fetch manifest @opentelemetry/api@^1.1.0
43 silly packumentCache full:https://registry.npmjs.org/@opentelemetry%2fapi cache-miss
44 http cache https://registry.npmjs.org/@opentelemetry%2fapi 5ms (cache hit)
45 silly packumentCache full:https://registry.npmjs.org/@opentelemetry%2fapi set size:455678 disposed:false
46 silly fetch manifest @playwright/test@^1.51.1
47 silly packumentCache full:https://registry.npmjs.org/@playwright%2ftest cache-miss
48 http cache https://registry.npmjs.org/@playwright%2ftest 20ms (cache hit)
49 silly packumentCache full:https://registry.npmjs.org/@playwright%2ftest set size:8869482 disposed:false
50 silly fetch manifest babel-plugin-react-compiler@*
51 silly packumentCache full:https://registry.npmjs.org/babel-plugin-react-compiler cache-miss
52 http cache https://registry.npmjs.org/babel-plugin-react-compiler 7ms (cache hit)
53 silly packumentCache full:https://registry.npmjs.org/babel-plugin-react-compiler set size:1287371 disposed:false
54 silly fetch manifest sass@^1.3.0
55 silly packumentCache full:https://registry.npmjs.org/sass cache-miss
56 http cache https://registry.npmjs.org/sass 4ms (cache hit)
57 silly packumentCache full:https://registry.npmjs.org/sass set size:724154 disposed:false
58 silly fetch manifest tailwind-merge@latest
59 silly packumentCache full:https://registry.npmjs.org/tailwind-merge cache-miss
60 http cache https://registry.npmjs.org/tailwind-merge 6ms (cache hit)
61 silly packumentCache full:https://registry.npmjs.org/tailwind-merge set size:1540503 disposed:false
62 silly fetch manifest @types/node@latest
63 silly packumentCache full:https://registry.npmjs.org/@types%2fnode cache-miss
64 http cache https://registry.npmjs.org/@types%2fnode 25ms (cache hit)
65 silly packumentCache full:https://registry.npmjs.org/@types%2fnode set size:10939971 disposed:false
66 silly fetch manifest @types/react@latest
67 silly packumentCache full:https://registry.npmjs.org/@types%2freact cache-miss
68 http cache https://registry.npmjs.org/@types%2freact 8ms (cache hit)
69 silly packumentCache full:https://registry.npmjs.org/@types%2freact set size:2588986 disposed:false
70 silly fetch manifest @types/react-dom@latest
71 silly packumentCache full:https://registry.npmjs.org/@types%2freact-dom cache-miss
72 http cache https://registry.npmjs.org/@types%2freact-dom 4ms (cache hit)
73 silly packumentCache full:https://registry.npmjs.org/@types%2freact-dom set size:429026 disposed:false
74 silly fetch manifest typescript@latest
75 silly packumentCache full:https://registry.npmjs.org/typescript cache-miss
76 http cache https://registry.npmjs.org/typescript 40ms (cache hit)
77 silly packumentCache full:https://registry.npmjs.org/typescript set size:15380828 disposed:false
78 silly placeDep ROOT @types/node@25.5.0 OK for: lrdene-portfolio@0.1.0 want: latest
79 silly placeDep ROOT @types/react@19.2.14 OK for: lrdene-portfolio@0.1.0 want: latest
80 silly placeDep ROOT @types/react-dom@19.2.3 OK for: lrdene-portfolio@0.1.0 want: latest
81 silly placeDep ROOT clsx@2.1.1 OK for: lrdene-portfolio@0.1.0 want: latest
82 silly placeDep ROOT framer-motion@12.38.0 OK for: lrdene-portfolio@0.1.0 want: ^12.38.0
83 silly placeDep ROOT lucide-react@0.577.0 OK for: lrdene-portfolio@0.1.0 want: ^0.577.0
84 silly placeDep ROOT react@19.2.4 OK for: lucide-react@0.577.0 want: ^16.5.1 || ^17.0.0 || ^18.0.0 || ^19.0.0
85 silly placeDep ROOT next@15.5.14 OK for: lrdene-portfolio@0.1.0 want: ^15.2.1
86 silly placeDep ROOT react-dom@19.2.4 OK for: next@15.5.14 want: ^18.2.0 || 19.0.0-rc-de68d2f4-20241204 || ^19.0.0
87 silly placeDep ROOT tailwind-merge@3.5.0 OK for: lrdene-portfolio@0.1.0 want: latest
88 silly placeDep ROOT typescript@5.9.3 OK for: lrdene-portfolio@0.1.0 want: latest
89 silly fetch manifest undici-types@~7.18.0
90 silly packumentCache full:https://registry.npmjs.org/undici-types cache-miss
91 silly fetch manifest csstype@^3.2.2
92 silly packumentCache full:https://registry.npmjs.org/csstype cache-miss
93 silly fetch manifest motion-dom@^12.38.0
94 silly packumentCache full:https://registry.npmjs.org/motion-dom cache-miss
95 silly fetch manifest motion-utils@^12.36.0
96 silly packumentCache full:https://registry.npmjs.org/motion-utils cache-miss
97 silly fetch manifest tslib@^2.4.0
98 silly packumentCache full:https://registry.npmjs.org/tslib cache-miss
99 silly fetch manifest postcss@8.4.31
100 silly packumentCache full:https://registry.npmjs.org/postcss cache-miss
101 silly fetch manifest @next/env@15.5.14
102 silly packumentCache full:https://registry.npmjs.org/@next%2fenv cache-miss
103 silly fetch manifest styled-jsx@5.1.6
104 silly packumentCache full:https://registry.npmjs.org/styled-jsx cache-miss
105 silly fetch manifest @swc/helpers@0.5.15
106 silly packumentCache full:https://registry.npmjs.org/@swc%2fhelpers cache-miss
107 silly fetch manifest caniuse-lite@^1.0.30001579
108 silly packumentCache full:https://registry.npmjs.org/caniuse-lite cache-miss
109 silly fetch manifest sharp@^0.34.3
110 silly packumentCache full:https://registry.npmjs.org/sharp cache-miss
111 http cache https://registry.npmjs.org/motion-utils 11ms (cache hit)
112 silly packumentCache full:https://registry.npmjs.org/motion-utils set size:64595 disposed:false
113 silly fetch manifest @next/swc-darwin-x64@15.5.14
114 silly packumentCache full:https://registry.npmjs.org/@next%2fswc-darwin-x64 cache-miss
115 http cache https://registry.npmjs.org/csstype 14ms (cache hit)
116 silly packumentCache full:https://registry.npmjs.org/csstype set size:274189 disposed:false
117 silly fetch manifest @next/swc-darwin-arm64@15.5.14
118 silly packumentCache full:https://registry.npmjs.org/@next%2fswc-darwin-arm64 cache-miss
119 http cache https://registry.npmjs.org/undici-types 18ms (cache hit)
120 silly packumentCache full:https://registry.npmjs.org/undici-types set size:190052 disposed:false
121 silly fetch manifest @next/swc-linux-x64-gnu@15.5.14
122 silly packumentCache full:https://registry.npmjs.org/@next%2fswc-linux-x64-gnu cache-miss
123 http cache https://registry.npmjs.org/motion-dom 20ms (cache hit)
124 silly packumentCache full:https://registry.npmjs.org/motion-dom set size:272555 disposed:false
125 silly fetch manifest @next/swc-linux-x64-musl@15.5.14
126 silly packumentCache full:https://registry.npmjs.org/@next%2fswc-linux-x64-musl cache-miss
127 http cache https://registry.npmjs.org/tslib 23ms (cache hit)
128 silly packumentCache full:https://registry.npmjs.org/tslib set size:108760 disposed:false
129 silly fetch manifest @next/swc-win32-x64-msvc@15.5.14
130 silly packumentCache full:https://registry.npmjs.org/@next%2fswc-win32-x64-msvc cache-miss
131 http cache https://registry.npmjs.org/postcss 26ms (cache hit)
132 silly packumentCache full:https://registry.npmjs.org/postcss set size:702266 disposed:false
133 silly fetch manifest @next/swc-linux-arm64-gnu@15.5.14
134 silly packumentCache full:https://registry.npmjs.org/@next%2fswc-linux-arm64-gnu cache-miss
135 http cache https://registry.npmjs.org/@next%2fenv 42ms (cache hit)
136 silly packumentCache full:https://registry.npmjs.org/@next%2fenv set size:7075601 disposed:false
137 silly fetch manifest @next/swc-linux-arm64-musl@15.5.14
138 silly packumentCache full:https://registry.npmjs.org/@next%2fswc-linux-arm64-musl cache-miss
139 http cache https://registry.npmjs.org/@swc%2fhelpers 82ms (cache hit)
140 silly packumentCache full:https://registry.npmjs.org/@swc%2fhelpers set size:678955 disposed:false
141 silly fetch manifest @next/swc-win32-arm64-msvc@15.5.14
142 silly packumentCache full:https://registry.npmjs.org/@next%2fswc-win32-arm64-msvc cache-miss
143 http cache https://registry.npmjs.org/styled-jsx 91ms (cache hit)
144 silly packumentCache full:https://registry.npmjs.org/styled-jsx set size:436113 disposed:false
145 silly fetch manifest scheduler@^0.27.0
146 silly packumentCache full:https://registry.npmjs.org/scheduler cache-miss
147 http cache https://registry.npmjs.org/caniuse-lite 99ms (cache hit)
148 silly packumentCache full:https://registry.npmjs.org/caniuse-lite set size:2270921 disposed:false
149 http cache https://registry.npmjs.org/sharp 112ms (cache hit)
150 silly packumentCache full:https://registry.npmjs.org/sharp set size:1034463 disposed:false
151 http cache https://registry.npmjs.org/@next%2fswc-darwin-x64 129ms (cache hit)
152 silly packumentCache full:https://registry.npmjs.org/@next%2fswc-darwin-x64 set size:5054824 disposed:false
153 http cache https://registry.npmjs.org/@next%2fswc-linux-x64-gnu 158ms (cache hit)
154 silly packumentCache full:https://registry.npmjs.org/@next%2fswc-linux-x64-gnu set size:5157540 disposed:false
155 http cache https://registry.npmjs.org/@next%2fswc-win32-arm64-msvc 123ms (cache hit)
156 silly packumentCache full:https://registry.npmjs.org/@next%2fswc-win32-arm64-msvc set size:4942676 disposed:false
157 http cache https://registry.npmjs.org/@next%2fswc-linux-x64-musl 223ms (cache hit)
158 silly packumentCache full:https://registry.npmjs.org/@next%2fswc-linux-x64-musl set size:4913809 disposed:false
159 http cache https://registry.npmjs.org/@next%2fswc-linux-arm64-musl 214ms (cache hit)
160 silly packumentCache full:https://registry.npmjs.org/@next%2fswc-linux-arm64-musl set size:4977393 disposed:false
161 http cache https://registry.npmjs.org/@next%2fswc-linux-arm64-gnu 293ms (cache hit)
162 silly packumentCache full:https://registry.npmjs.org/@next%2fswc-linux-arm64-gnu set size:4960101 disposed:false
163 http cache https://registry.npmjs.org/@next%2fswc-win32-x64-msvc 335ms (cache hit)
164 silly packumentCache full:https://registry.npmjs.org/@next%2fswc-win32-x64-msvc set size:5130269 disposed:false
165 http cache https://registry.npmjs.org/@next%2fswc-darwin-arm64 378ms (cache hit)
166 silly packumentCache full:https://registry.npmjs.org/@next%2fswc-darwin-arm64 set size:5110255 disposed:false
167 http cache https://registry.npmjs.org/scheduler 339ms (cache hit)
168 silly packumentCache full:https://registry.npmjs.org/scheduler set size:5439752 disposed:false
169 silly placeDep ROOT undici-types@7.18.2 OK for: @types/node@25.5.0 want: ~7.18.0
170 silly placeDep ROOT csstype@3.2.3 OK for: @types/react@19.2.14 want: ^3.2.2
171 silly placeDep ROOT motion-dom@12.38.0 OK for: framer-motion@12.38.0 want: ^12.38.0
172 silly placeDep ROOT motion-utils@12.36.0 OK for: framer-motion@12.38.0 want: ^12.36.0
173 silly placeDep ROOT tslib@2.8.1 OK for: framer-motion@12.38.0 want: ^2.4.0
174 silly fetch manifest react@^18.2.0 || 19.0.0-rc-de68d2f4-20241204 || ^19.0.0
175 silly packumentCache full:https://registry.npmjs.org/react cache-miss
176 http cache https://registry.npmjs.org/react 14ms (cache hit)
177 silly packumentCache full:https://registry.npmjs.org/react set size:6555426 disposed:false
178 silly placeDep ROOT @next/env@15.5.14 OK for: next@15.5.14 want: 15.5.14
179 silly placeDep ROOT @next/swc-darwin-arm64@15.5.14 OK for: next@15.5.14 want: 15.5.14
180 silly placeDep ROOT @next/swc-darwin-x64@15.5.14 OK for: next@15.5.14 want: 15.5.14
181 silly placeDep ROOT @next/swc-linux-arm64-gnu@15.5.14 OK for: next@15.5.14 want: 15.5.14
182 silly placeDep ROOT @next/swc-linux-arm64-musl@15.5.14 OK for: next@15.5.14 want: 15.5.14
183 silly placeDep ROOT @next/swc-linux-x64-gnu@15.5.14 OK for: next@15.5.14 want: 15.5.14
184 silly placeDep ROOT @next/swc-linux-x64-musl@15.5.14 OK for: next@15.5.14 want: 15.5.14
185 silly placeDep ROOT @next/swc-win32-arm64-msvc@15.5.14 OK for: next@15.5.14 want: 15.5.14
186 silly placeDep ROOT @next/swc-win32-x64-msvc@15.5.14 OK for: next@15.5.14 want: 15.5.14
187 silly placeDep ROOT @swc/helpers@0.5.15 OK for: next@15.5.14 want: 0.5.15
188 silly placeDep ROOT caniuse-lite@1.0.30001780 OK for: next@15.5.14 want: ^1.0.30001579
189 silly placeDep ROOT postcss@8.4.31 OK for: next@15.5.14 want: 8.4.31
190 silly placeDep ROOT sharp@0.34.5 OK for: next@15.5.14 want: ^0.34.3
191 silly placeDep ROOT styled-jsx@5.1.6 OK for: next@15.5.14 want: 5.1.6
192 silly fetch manifest nanoid@^3.3.6
193 silly packumentCache full:https://registry.npmjs.org/nanoid cache-miss
194 silly fetch manifest picocolors@^1.0.0
195 silly packumentCache full:https://registry.npmjs.org/picocolors cache-miss
196 silly fetch manifest source-map-js@^1.0.2
197 silly packumentCache full:https://registry.npmjs.org/source-map-js cache-miss
198 silly fetch manifest semver@^7.7.3
199 silly packumentCache full:https://registry.npmjs.org/semver cache-miss
200 silly fetch manifest @img/colour@^1.0.0
201 silly packumentCache full:https://registry.npmjs.org/@img%2fcolour cache-miss
202 silly fetch manifest detect-libc@^2.1.2
203 silly packumentCache full:https://registry.npmjs.org/detect-libc cache-miss
204 silly fetch manifest @img/sharp-wasm32@0.34.5
205 silly packumentCache full:https://registry.npmjs.org/@img%2fsharp-wasm32 cache-miss
206 silly fetch manifest @img/sharp-linux-arm@0.34.5
207 silly packumentCache full:https://registry.npmjs.org/@img%2fsharp-linux-arm cache-miss
208 silly fetch manifest @img/sharp-linux-x64@0.34.5
209 silly packumentCache full:https://registry.npmjs.org/@img%2fsharp-linux-x64 cache-miss
210 silly fetch manifest @img/sharp-win32-x64@0.34.5
211 silly packumentCache full:https://registry.npmjs.org/@img%2fsharp-win32-x64 cache-miss
212 silly fetch manifest @img/sharp-darwin-x64@0.34.5
213 silly packumentCache full:https://registry.npmjs.org/@img%2fsharp-darwin-x64 cache-miss
214 http cache https://registry.npmjs.org/picocolors 11ms (cache hit)
215 silly packumentCache full:https://registry.npmjs.org/picocolors set size:16648 disposed:false
216 silly fetch manifest @img/sharp-win32-ia32@0.34.5
217 silly packumentCache full:https://registry.npmjs.org/@img%2fsharp-win32-ia32 cache-miss
218 http cache https://registry.npmjs.org/@img%2fsharp-linux-arm 11ms (cache hit)
219 silly packumentCache full:https://registry.npmjs.org/@img%2fsharp-linux-arm set size:66643 disposed:false
220 silly fetch manifest @img/sharp-linux-arm64@0.34.5
221 silly packumentCache full:https://registry.npmjs.org/@img%2fsharp-linux-arm64 cache-miss
222 http cache https://registry.npmjs.org/@img%2fcolour 12ms (cache hit)
223 silly packumentCache full:https://registry.npmjs.org/@img%2fcolour set size:9701 disposed:false
224 silly fetch manifest @img/sharp-linux-ppc64@0.34.5
225 silly packumentCache full:https://registry.npmjs.org/@img%2fsharp-linux-ppc64 cache-miss
226 http cache https://registry.npmjs.org/nanoid 16ms (cache hit)
227 silly packumentCache full:https://registry.npmjs.org/nanoid set size:300313 disposed:false
228 silly fetch manifest @img/sharp-linux-s390x@0.34.5
229 silly packumentCache full:https://registry.npmjs.org/@img%2fsharp-linux-s390x cache-miss
230 http cache https://registry.npmjs.org/@img%2fsharp-wasm32 17ms (cache hit)
231 silly packumentCache full:https://registry.npmjs.org/@img%2fsharp-wasm32 set size:61337 disposed:false
232 silly fetch manifest @img/sharp-win32-arm64@0.34.5
233 silly packumentCache full:https://registry.npmjs.org/@img%2fsharp-win32-arm64 cache-miss
234 http cache https://registry.npmjs.org/semver 20ms (cache hit)
235 silly packumentCache full:https://registry.npmjs.org/semver set size:229620 disposed:false
236 silly fetch manifest @img/sharp-darwin-arm64@0.34.5
237 silly packumentCache full:https://registry.npmjs.org/@img%2fsharp-darwin-arm64 cache-miss
238 http cache https://registry.npmjs.org/source-map-js 23ms (cache hit)
239 silly packumentCache full:https://registry.npmjs.org/source-map-js set size:62640 disposed:false
240 silly fetch manifest @img/sharp-linux-riscv64@0.34.5
241 silly packumentCache full:https://registry.npmjs.org/@img%2fsharp-linux-riscv64 cache-miss
242 http cache https://registry.npmjs.org/detect-libc 23ms (cache hit)
243 silly packumentCache full:https://registry.npmjs.org/detect-libc set size:47861 disposed:false
244 silly fetch manifest @img/sharp-linuxmusl-x64@0.34.5
245 silly packumentCache full:https://registry.npmjs.org/@img%2fsharp-linuxmusl-x64 cache-miss
246 http cache https://registry.npmjs.org/@img%2fsharp-darwin-x64 23ms (cache hit)
247 silly packumentCache full:https://registry.npmjs.org/@img%2fsharp-darwin-x64 set size:65222 disposed:false
248 silly fetch manifest @img/sharp-linuxmusl-arm64@0.34.5
249 silly packumentCache full:https://registry.npmjs.org/@img%2fsharp-linuxmusl-arm64 cache-miss
250 http cache https://registry.npmjs.org/@img%2fsharp-win32-x64 24ms (cache hit)
251 silly packumentCache full:https://registry.npmjs.org/@img%2fsharp-win32-x64 set size:64388 disposed:false
252 silly fetch manifest @img/sharp-libvips-linux-arm@1.2.4
253 silly packumentCache full:https://registry.npmjs.org/@img%2fsharp-libvips-linux-arm cache-miss
254 http cache https://registry.npmjs.org/@img%2fsharp-linux-x64 26ms (cache hit)
255 silly packumentCache full:https://registry.npmjs.org/@img%2fsharp-linux-x64 set size:66311 disposed:false
256 silly fetch manifest @img/sharp-libvips-linux-x64@1.2.4
257 silly packumentCache full:https://registry.npmjs.org/@img%2fsharp-libvips-linux-x64 cache-miss
258 http cache https://registry.npmjs.org/@img%2fsharp-linux-s390x 17ms (cache hit)
259 silly packumentCache full:https://registry.npmjs.org/@img%2fsharp-linux-s390x set size:65172 disposed:false
260 silly fetch manifest @img/sharp-libvips-darwin-x64@1.2.4
261 silly packumentCache full:https://registry.npmjs.org/@img%2fsharp-libvips-darwin-x64 cache-miss
262 http cache https://registry.npmjs.org/@img%2fsharp-win32-ia32 24ms (cache hit)
263 silly packumentCache full:https://registry.npmjs.org/@img%2fsharp-win32-ia32 set size:65002 disposed:false
264 silly fetch manifest @img/sharp-libvips-linux-arm64@1.2.4
265 silly packumentCache full:https://registry.npmjs.org/@img%2fsharp-libvips-linux-arm64 cache-miss
266 http cache https://registry.npmjs.org/@img%2fsharp-linux-ppc64 23ms (cache hit)
267 silly packumentCache full:https://registry.npmjs.org/@img%2fsharp-linux-ppc64 set size:31912 disposed:false
268 silly fetch manifest @img/sharp-libvips-linux-ppc64@1.2.4
269 silly packumentCache full:https://registry.npmjs.org/@img%2fsharp-libvips-linux-ppc64 cache-miss
270 http cache https://registry.npmjs.org/@img%2fsharp-win32-arm64 19ms (cache hit)
271 silly packumentCache full:https://registry.npmjs.org/@img%2fsharp-win32-arm64 set size:23941 disposed:false
272 silly fetch manifest @img/sharp-libvips-linux-s390x@1.2.4
273 silly packumentCache full:https://registry.npmjs.org/@img%2fsharp-libvips-linux-s390x cache-miss
274 http cache https://registry.npmjs.org/@img%2fsharp-linux-arm64 26ms (cache hit)
275 silly packumentCache full:https://registry.npmjs.org/@img%2fsharp-linux-arm64 set size:67207 disposed:false
276 silly fetch manifest @img/sharp-libvips-darwin-arm64@1.2.4
277 silly packumentCache full:https://registry.npmjs.org/@img%2fsharp-libvips-darwin-arm64 cache-miss
278 http cache https://registry.npmjs.org/@img%2fsharp-linux-riscv64 17ms (cache hit)
279 silly packumentCache full:https://registry.npmjs.org/@img%2fsharp-linux-riscv64 set size:8972 disposed:false
280 silly fetch manifest @img/sharp-libvips-linux-riscv64@1.2.4
281 silly packumentCache full:https://registry.npmjs.org/@img%2fsharp-libvips-linux-riscv64 cache-miss
282 http cache https://registry.npmjs.org/@img%2fsharp-darwin-arm64 19ms (cache hit)
283 silly packumentCache full:https://registry.npmjs.org/@img%2fsharp-darwin-arm64 set size:66119 disposed:false
284 silly fetch manifest @img/sharp-libvips-linuxmusl-x64@1.2.4
285 silly packumentCache full:https://registry.npmjs.org/@img%2fsharp-libvips-linuxmusl-x64 cache-miss
286 http cache https://registry.npmjs.org/@img%2fsharp-libvips-linux-arm 15ms (cache hit)
287 silly packumentCache full:https://registry.npmjs.org/@img%2fsharp-libvips-linux-arm set size:60739 disposed:false
288 silly fetch manifest @img/sharp-libvips-linuxmusl-arm64@1.2.4
289 silly packumentCache full:https://registry.npmjs.org/@img%2fsharp-libvips-linuxmusl-arm64 cache-miss
290 http cache https://registry.npmjs.org/@img%2fsharp-linuxmusl-x64 19ms (cache hit)
291 silly packumentCache full:https://registry.npmjs.org/@img%2fsharp-linuxmusl-x64 set size:67400 disposed:false
292 silly fetch manifest client-only@0.0.1
293 silly packumentCache full:https://registry.npmjs.org/client-only cache-miss
294 http cache https://registry.npmjs.org/@img%2fsharp-libvips-linux-x64 16ms (cache hit)
295 silly packumentCache full:https://registry.npmjs.org/@img%2fsharp-libvips-linux-x64 set size:58786 disposed:false
296 http cache https://registry.npmjs.org/@img%2fsharp-linuxmusl-arm64 19ms (cache hit)
297 silly packumentCache full:https://registry.npmjs.org/@img%2fsharp-linuxmusl-arm64 set size:68298 disposed:false
298 http cache https://registry.npmjs.org/@img%2fsharp-libvips-linux-arm64 14ms (cache hit)
299 silly packumentCache full:https://registry.npmjs.org/@img%2fsharp-libvips-linux-arm64 set size:57620 disposed:false
300 http cache https://registry.npmjs.org/@img%2fsharp-libvips-linux-ppc64 14ms (cache hit)
301 silly packumentCache full:https://registry.npmjs.org/@img%2fsharp-libvips-linux-ppc64 set size:44836 disposed:false
302 http cache https://registry.npmjs.org/@img%2fsharp-libvips-darwin-x64 18ms (cache hit)
303 silly packumentCache full:https://registry.npmjs.org/@img%2fsharp-libvips-darwin-x64 set size:53986 disposed:false
304 http cache https://registry.npmjs.org/@img%2fsharp-libvips-darwin-arm64 14ms (cache hit)
305 silly packumentCache full:https://registry.npmjs.org/@img%2fsharp-libvips-darwin-arm64 set size:54601 disposed:false
306 http cache https://registry.npmjs.org/client-only 12ms (cache hit)
307 silly packumentCache full:https://registry.npmjs.org/client-only set size:2750 disposed:false
308 http cache https://registry.npmjs.org/@img%2fsharp-libvips-linux-riscv64 15ms (cache hit)
309 silly packumentCache full:https://registry.npmjs.org/@img%2fsharp-libvips-linux-riscv64 set size:30783 disposed:false
310 http cache https://registry.npmjs.org/@img%2fsharp-libvips-linuxmusl-x64 15ms (cache hit)
311 silly packumentCache full:https://registry.npmjs.org/@img%2fsharp-libvips-linuxmusl-x64 set size:55819 disposed:false
312 http cache https://registry.npmjs.org/@img%2fsharp-libvips-linux-s390x 19ms (cache hit)
313 silly packumentCache full:https://registry.npmjs.org/@img%2fsharp-libvips-linux-s390x set size:53822 disposed:false
314 http cache https://registry.npmjs.org/@img%2fsharp-libvips-linuxmusl-arm64 15ms (cache hit)
315 silly packumentCache full:https://registry.npmjs.org/@img%2fsharp-libvips-linuxmusl-arm64 set size:56471 disposed:false
316 silly placeDep ROOT nanoid@3.3.11 OK for: postcss@8.4.31 want: ^3.3.6
317 silly placeDep ROOT picocolors@1.1.1 OK for: postcss@8.4.31 want: ^1.0.0
318 silly placeDep ROOT source-map-js@1.2.1 OK for: postcss@8.4.31 want: ^1.0.2
319 silly placeDep ROOT scheduler@0.27.0 OK for: react-dom@19.2.4 want: ^0.27.0
320 silly placeDep ROOT @img/colour@1.1.0 OK for: sharp@0.34.5 want: ^1.0.0
321 silly placeDep ROOT @img/sharp-darwin-arm64@0.34.5 OK for: sharp@0.34.5 want: 0.34.5
322 silly placeDep ROOT @img/sharp-darwin-x64@0.34.5 OK for: sharp@0.34.5 want: 0.34.5
323 silly placeDep ROOT @img/sharp-libvips-darwin-arm64@1.2.4 OK for: sharp@0.34.5 want: 1.2.4
324 silly placeDep ROOT @img/sharp-libvips-darwin-x64@1.2.4 OK for: sharp@0.34.5 want: 1.2.4
325 silly placeDep ROOT @img/sharp-libvips-linux-arm@1.2.4 OK for: sharp@0.34.5 want: 1.2.4
326 silly placeDep ROOT @img/sharp-libvips-linux-arm64@1.2.4 OK for: sharp@0.34.5 want: 1.2.4
327 silly placeDep ROOT @img/sharp-libvips-linux-ppc64@1.2.4 OK for: sharp@0.34.5 want: 1.2.4
328 silly placeDep ROOT @img/sharp-libvips-linux-riscv64@1.2.4 OK for: sharp@0.34.5 want: 1.2.4
329 silly placeDep ROOT @img/sharp-libvips-linux-s390x@1.2.4 OK for: sharp@0.34.5 want: 1.2.4
330 silly placeDep ROOT @img/sharp-libvips-linux-x64@1.2.4 OK for: sharp@0.34.5 want: 1.2.4
331 silly placeDep ROOT @img/sharp-libvips-linuxmusl-arm64@1.2.4 OK for: sharp@0.34.5 want: 1.2.4
332 silly placeDep ROOT @img/sharp-libvips-linuxmusl-x64@1.2.4 OK for: sharp@0.34.5 want: 1.2.4
333 silly placeDep ROOT @img/sharp-linux-arm@0.34.5 OK for: sharp@0.34.5 want: 0.34.5
334 silly placeDep ROOT @img/sharp-linux-arm64@0.34.5 OK for: sharp@0.34.5 want: 0.34.5
335 silly placeDep ROOT @img/sharp-linux-ppc64@0.34.5 OK for: sharp@0.34.5 want: 0.34.5
336 silly placeDep ROOT @img/sharp-linux-riscv64@0.34.5 OK for: sharp@0.34.5 want: 0.34.5
337 silly placeDep ROOT @img/sharp-linux-s390x@0.34.5 OK for: sharp@0.34.5 want: 0.34.5
338 silly placeDep ROOT @img/sharp-linux-x64@0.34.5 OK for: sharp@0.34.5 want: 0.34.5
339 silly placeDep ROOT @img/sharp-linuxmusl-arm64@0.34.5 OK for: sharp@0.34.5 want: 0.34.5
340 silly placeDep ROOT @img/sharp-linuxmusl-x64@0.34.5 OK for: sharp@0.34.5 want: 0.34.5
341 silly placeDep ROOT @img/sharp-wasm32@0.34.5 OK for: sharp@0.34.5 want: 0.34.5
342 silly placeDep ROOT @img/sharp-win32-arm64@0.34.5 OK for: sharp@0.34.5 want: 0.34.5
343 silly placeDep ROOT @img/sharp-win32-ia32@0.34.5 OK for: sharp@0.34.5 want: 0.34.5
344 silly placeDep ROOT @img/sharp-win32-x64@0.34.5 OK for: sharp@0.34.5 want: 0.34.5
345 silly placeDep ROOT detect-libc@2.1.2 OK for: sharp@0.34.5 want: ^2.1.2
346 silly placeDep ROOT semver@7.7.4 OK for: sharp@0.34.5 want: ^7.7.3
347 silly fetch manifest @emnapi/runtime@^1.7.0
348 silly packumentCache full:https://registry.npmjs.org/@emnapi%2fruntime cache-miss
349 http cache https://registry.npmjs.org/@emnapi%2fruntime 3ms (cache hit)
350 silly packumentCache full:https://registry.npmjs.org/@emnapi%2fruntime set size:103787 disposed:false
351 silly placeDep ROOT @emnapi/runtime@1.9.1 OK for: @img/sharp-wasm32@0.34.5 want: ^1.7.0
352 silly placeDep ROOT client-only@0.0.1 OK for: styled-jsx@5.1.6 want: 0.0.1
353 silly reify moves {}
354 silly audit bulk request {
354 silly audit   '@types/node': [ '25.5.0' ],
354 silly audit   '@types/react': [ '19.2.14' ],
354 silly audit   '@types/react-dom': [ '19.2.3' ],
354 silly audit   clsx: [ '2.1.1' ],
354 silly audit   'framer-motion': [ '12.38.0' ],
354 silly audit   'lucide-react': [ '0.577.0' ],
354 silly audit   react: [ '19.2.4' ],
354 silly audit   next: [ '15.5.14' ],
354 silly audit   'react-dom': [ '19.2.4' ],
354 silly audit   'tailwind-merge': [ '3.5.0' ],
354 silly audit   typescript: [ '5.9.3' ],
354 silly audit   'undici-types': [ '7.18.2' ],
354 silly audit   csstype: [ '3.2.3' ],
354 silly audit   'motion-dom': [ '12.38.0' ],
354 silly audit   'motion-utils': [ '12.36.0' ],
354 silly audit   tslib: [ '2.8.1' ],
354 silly audit   '@next/env': [ '15.5.14' ],
354 silly audit   '@next/swc-darwin-arm64': [ '15.5.14' ],
354 silly audit   '@next/swc-darwin-x64': [ '15.5.14' ],
354 silly audit   '@next/swc-linux-arm64-gnu': [ '15.5.14' ],
354 silly audit   '@next/swc-linux-arm64-musl': [ '15.5.14' ],
354 silly audit   '@next/swc-linux-x64-gnu': [ '15.5.14' ],
354 silly audit   '@next/swc-linux-x64-musl': [ '15.5.14' ],
354 silly audit   '@next/swc-win32-arm64-msvc': [ '15.5.14' ],
354 silly audit   '@next/swc-win32-x64-msvc': [ '15.5.14' ],
354 silly audit   '@swc/helpers': [ '0.5.15' ],
354 silly audit   'caniuse-lite': [ '1.0.30001780' ],
354 silly audit   postcss: [ '8.4.31' ],
354 silly audit   sharp: [ '0.34.5' ],
354 silly audit   'styled-jsx': [ '5.1.6' ],
354 silly audit   nanoid: [ '3.3.11' ],
354 silly audit   picocolors: [ '1.1.1' ],
354 silly audit   'source-map-js': [ '1.2.1' ],
354 silly audit   scheduler: [ '0.27.0' ],
354 silly audit   '@img/colour': [ '1.1.0' ],
354 silly audit   '@img/sharp-darwin-arm64': [ '0.34.5' ],
354 silly audit   '@img/sharp-darwin-x64': [ '0.34.5' ],
354 silly audit   '@img/sharp-libvips-darwin-arm64': [ '1.2.4' ],
354 silly audit   '@img/sharp-libvips-darwin-x64': [ '1.2.4' ],
354 silly audit   '@img/sharp-libvips-linux-arm': [ '1.2.4' ],
354 silly audit   '@img/sharp-libvips-linux-arm64': [ '1.2.4' ],
354 silly audit   '@img/sharp-libvips-linux-ppc64': [ '1.2.4' ],
354 silly audit   '@img/sharp-libvips-linux-riscv64': [ '1.2.4' ],
354 silly audit   '@img/sharp-libvips-linux-s390x': [ '1.2.4' ],
354 silly audit   '@img/sharp-libvips-linux-x64': [ '1.2.4' ],
354 silly audit   '@img/sharp-libvips-linuxmusl-arm64': [ '1.2.4' ],
354 silly audit   '@img/sharp-libvips-linuxmusl-x64': [ '1.2.4' ],
354 silly audit   '@img/sharp-linux-arm': [ '0.34.5' ],
354 silly audit   '@img/sharp-linux-arm64': [ '0.34.5' ],
354 silly audit   '@img/sharp-linux-ppc64': [ '0.34.5' ],
354 silly audit   '@img/sharp-linux-riscv64': [ '0.34.5' ],
354 silly audit   '@img/sharp-linux-s390x': [ '0.34.5' ],
354 silly audit   '@img/sharp-linux-x64': [ '0.34.5' ],
354 silly audit   '@img/sharp-linuxmusl-arm64': [ '0.34.5' ],
354 silly audit   '@img/sharp-linuxmusl-x64': [ '0.34.5' ],
354 silly audit   '@img/sharp-wasm32': [ '0.34.5' ],
354 silly audit   '@img/sharp-win32-arm64': [ '0.34.5' ],
354 silly audit   '@img/sharp-win32-ia32': [ '0.34.5' ],
354 silly audit   '@img/sharp-win32-x64': [ '0.34.5' ],
354 silly audit   'detect-libc': [ '2.1.2' ],
354 silly audit   semver: [ '7.7.4' ],
354 silly audit   '@emnapi/runtime': [ '1.9.1' ],
354 silly audit   'client-only': [ '0.0.1' ]
354 silly audit }
355 http cache client-only@https://registry.npmjs.org/client-only/-/client-only-0.0.1.tgz 0ms (cache hit)
356 http cache semver@https://registry.npmjs.org/semver/-/semver-7.7.4.tgz 0ms (cache hit)
357 http cache detect-libc@https://registry.npmjs.org/detect-libc/-/detect-libc-2.1.2.tgz 0ms (cache hit)
358 http cache @img/sharp-libvips-darwin-x64@https://registry.npmjs.org/@img/sharp-libvips-darwin-x64/-/sharp-libvips-darwin-x64-1.2.4.tgz 0ms (cache hit)
359 http cache @img/sharp-darwin-x64@https://registry.npmjs.org/@img/sharp-darwin-x64/-/sharp-darwin-x64-0.34.5.tgz 0ms (cache hit)
360 http cache @img/colour@https://registry.npmjs.org/@img/colour/-/colour-1.1.0.tgz 0ms (cache hit)
361 http cache scheduler@https://registry.npmjs.org/scheduler/-/scheduler-0.27.0.tgz 0ms (cache hit)
362 http cache source-map-js@https://registry.npmjs.org/source-map-js/-/source-map-js-1.2.1.tgz 0ms (cache hit)
363 http cache picocolors@https://registry.npmjs.org/picocolors/-/picocolors-1.1.1.tgz 0ms (cache hit)
364 http cache nanoid@https://registry.npmjs.org/nanoid/-/nanoid-3.3.11.tgz 0ms (cache hit)
365 http cache styled-jsx@https://registry.npmjs.org/styled-jsx/-/styled-jsx-5.1.6.tgz 0ms (cache hit)
366 http cache sharp@https://registry.npmjs.org/sharp/-/sharp-0.34.5.tgz 0ms (cache hit)
367 http cache caniuse-lite@https://registry.npmjs.org/caniuse-lite/-/caniuse-lite-1.0.30001780.tgz 0ms (cache hit)
368 http cache @swc/helpers@https://registry.npmjs.org/@swc/helpers/-/helpers-0.5.15.tgz 0ms (cache hit)
369 http cache postcss@https://registry.npmjs.org/postcss/-/postcss-8.4.31.tgz 0ms (cache hit)
370 http cache @next/swc-darwin-x64@https://registry.npmjs.org/@next/swc-darwin-x64/-/swc-darwin-x64-15.5.14.tgz 0ms (cache hit)
371 http cache @next/env@https://registry.npmjs.org/@next/env/-/env-15.5.14.tgz 0ms (cache hit)
372 http cache motion-utils@https://registry.npmjs.org/motion-utils/-/motion-utils-12.36.0.tgz 0ms (cache hit)
373 http cache tslib@https://registry.npmjs.org/tslib/-/tslib-2.8.1.tgz 0ms (cache hit)
374 http cache motion-dom@https://registry.npmjs.org/motion-dom/-/motion-dom-12.38.0.tgz 0ms (cache hit)
375 http cache csstype@https://registry.npmjs.org/csstype/-/csstype-3.2.3.tgz 0ms (cache hit)
376 http cache undici-types@https://registry.npmjs.org/undici-types/-/undici-types-7.18.2.tgz 0ms (cache hit)
377 http cache typescript@https://registry.npmjs.org/typescript/-/typescript-5.9.3.tgz 0ms (cache hit)
378 http cache tailwind-merge@https://registry.npmjs.org/tailwind-merge/-/tailwind-merge-3.5.0.tgz 0ms (cache hit)
379 http cache react-dom@https://registry.npmjs.org/react-dom/-/react-dom-19.2.4.tgz 0ms (cache hit)
380 http cache next@https://registry.npmjs.org/next/-/next-15.5.14.tgz 0ms (cache hit)
381 http cache react@https://registry.npmjs.org/react/-/react-19.2.4.tgz 0ms (cache hit)
382 http cache lucide-react@https://registry.npmjs.org/lucide-react/-/lucide-react-0.577.0.tgz 0ms (cache hit)
383 http cache framer-motion@https://registry.npmjs.org/framer-motion/-/framer-motion-12.38.0.tgz 0ms (cache hit)
384 http cache clsx@https://registry.npmjs.org/clsx/-/clsx-2.1.1.tgz 0ms (cache hit)
385 http cache @types/react-dom@https://registry.npmjs.org/@types/react-dom/-/react-dom-19.2.3.tgz 0ms (cache hit)
386 http cache @types/react@https://registry.npmjs.org/@types/react/-/react-19.2.14.tgz 0ms (cache hit)
387 http cache @types/node@https://registry.npmjs.org/@types/node/-/node-25.5.0.tgz 0ms (cache hit)
388 silly tarball no local data for next@https://registry.npmjs.org/next/-/next-15.5.14.tgz. Extracting by manifest.
389 http fetch POST 200 https://registry.npmjs.org/-/npm/v1/security/advisories/bulk 1132ms
390 silly audit report {}
391 http fetch GET 200 https://registry.npmjs.org/next/-/next-15.5.14.tgz 8014ms (cache miss)
392 info run sharp@0.34.5 install node_modules/sharp node install/check.js || npm run build
393 info run sharp@0.34.5 install { code: 0, signal: null }
394 silly ADD node_modules/client-only
395 silly ADD node_modules/semver
396 silly ADD node_modules/detect-libc
397 silly ADD node_modules/@img/sharp-libvips-darwin-x64
398 silly ADD node_modules/@img/sharp-darwin-x64
399 silly ADD node_modules/@img/colour
400 silly ADD node_modules/scheduler
401 silly ADD node_modules/source-map-js
402 silly ADD node_modules/picocolors
403 silly ADD node_modules/nanoid
404 silly ADD node_modules/styled-jsx
405 silly ADD node_modules/sharp
406 silly ADD node_modules/postcss
407 silly ADD node_modules/caniuse-lite
408 silly ADD node_modules/@swc/helpers
409 silly ADD node_modules/@next/swc-darwin-x64
410 silly ADD node_modules/@next/env
411 silly ADD node_modules/tslib
412 silly ADD node_modules/motion-utils
413 silly ADD node_modules/motion-dom
414 silly ADD node_modules/csstype
415 silly ADD node_modules/undici-types
416 silly ADD node_modules/typescript
417 silly ADD node_modules/tailwind-merge
418 silly ADD node_modules/react-dom
419 silly ADD node_modules/next
420 silly ADD node_modules/react
421 silly ADD node_modules/lucide-react
422 silly ADD node_modules/framer-motion
423 silly ADD node_modules/clsx
424 silly ADD node_modules/@types/react-dom
425 silly ADD node_modules/@types/react
426 silly ADD node_modules/@types/node
427 verbose cwd /Users/leads/dev/Porfolio/lrdene-portfolio
428 verbose os Darwin 25.4.0
429 verbose node v22.22.0
430 verbose npm  v11.11.0
431 verbose exit 0
432 info ok
