0 verbose cli /Users/leads/.local/share/fnm/node-versions/v22.22.0/installation/bin/node /Users/leads/.local/state/fnm_multishells/8650_1774094953185/bin/npm
1 info using npm@11.11.0
2 info using node@v22.22.0
3 silly config load:file:/Users/leads/.local/share/fnm/node-versions/v22.22.0/installation/lib/node_modules/npm/npmrc
4 silly config load:file:/Users/leads/dev/Porfolio/lrdene-portfolio/.npmrc
5 silly config load:file:/Users/leads/.npmrc
6 silly config load:file:/Users/leads/.local/share/fnm/node-versions/v22.22.0/installation/etc/npmrc
7 verbose title npm install @cloudflare/next-on-pages wrangler
8 verbose argv "install" "--save-dev" "@cloudflare/next-on-pages" "wrangler" "--cache" "./.npm-cache"
9 verbose logfile logs-max:10 dir:/Users/leads/dev/Porfolio/lrdene-portfolio/.npm-cache/_logs/2026-03-21T13_55_52_277Z-
10 verbose logfile /Users/leads/dev/Porfolio/lrdene-portfolio/.npm-cache/_logs/2026-03-21T13_55_52_277Z-debug-0.log
11 silly logfile done cleaning log files
12 silly packumentCache heap:4345298944 maxSize:1086324736 maxEntrySize:543162368
13 verbose shrinkwrap failed to load node_modules/.package-lock.json EPERM: operation not permitted, stat '/Users/leads/dev/Porfolio/lrdene-portfolio/node_modules'
14 silly idealTree buildDeps
15 silly fetch manifest @cloudflare/next-on-pages@*
16 silly packumentCache full:https://registry.npmjs.org/@cloudflare%2fnext-on-pages cache-miss
17 http fetch GET 200 https://registry.npmjs.org/@cloudflare%2fnext-on-pages 279ms (cache miss)
18 silly packumentCache full:https://registry.npmjs.org/@cloudflare%2fnext-on-pages set size:undefined disposed:false
19 silly fetch manifest @cloudflare/workers-types@^4.20240208.0
20 silly packumentCache full:https://registry.npmjs.org/@cloudflare%2fworkers-types cache-miss
21 http fetch GET 200 https://registry.npmjs.org/@cloudflare%2fworkers-types 82ms (cache miss)
22 silly packumentCache full:https://registry.npmjs.org/@cloudflare%2fworkers-types set size:undefined disposed:false
23 silly fetch manifest next@^16.2.1
24 silly packumentCache full:https://registry.npmjs.org/next cache-miss
25 http fetch GET 200 https://registry.npmjs.org/next 168ms (cache revalidated)
26 silly packumentCache full:https://registry.npmjs.org/next set size:29741260 disposed:false
27 silly fetch manifest next@>=14.3.0 && <=15.5.2
28 silly packumentCache full:https://registry.npmjs.org/next cache-miss
29 http cache https://registry.npmjs.org/next 95ms (cache hit)
30 silly packumentCache full:https://registry.npmjs.org/next set size:29741260 disposed:false
31 silly fetch manifest @opentelemetry/api@^1.1.0
32 silly packumentCache full:https://registry.npmjs.org/@opentelemetry%2fapi cache-miss
33 http fetch GET 200 https://registry.npmjs.org/@opentelemetry%2fapi 75ms (cache revalidated)
34 silly packumentCache full:https://registry.npmjs.org/@opentelemetry%2fapi set size:455678 disposed:false
35 silly fetch manifest @playwright/test@^1.51.1
36 silly packumentCache full:https://registry.npmjs.org/@playwright%2ftest cache-miss
37 http fetch GET 200 https://registry.npmjs.org/@playwright%2ftest 102ms (cache revalidated)
38 silly packumentCache full:https://registry.npmjs.org/@playwright%2ftest set size:8869482 disposed:false
39 silly fetch manifest babel-plugin-react-compiler@*
40 silly packumentCache full:https://registry.npmjs.org/babel-plugin-react-compiler cache-miss
41 http fetch GET 200 https://registry.npmjs.org/babel-plugin-react-compiler 56ms (cache revalidated)
42 silly packumentCache full:https://registry.npmjs.org/babel-plugin-react-compiler set size:1287371 disposed:false
43 silly fetch manifest react@^19.2.4
44 silly packumentCache full:https://registry.npmjs.org/react cache-miss
45 http fetch GET 200 https://registry.npmjs.org/react 70ms (cache revalidated)
46 silly packumentCache full:https://registry.npmjs.org/react set size:6555426 disposed:false
47 silly fetch manifest react-dom@^19.2.4
48 silly packumentCache full:https://registry.npmjs.org/react-dom cache-miss
49 http fetch GET 200 https://registry.npmjs.org/react-dom 70ms (cache revalidated)
50 silly packumentCache full:https://registry.npmjs.org/react-dom set size:8705519 disposed:false
51 silly fetch manifest sass@^1.3.0
52 silly packumentCache full:https://registry.npmjs.org/sass cache-miss
53 http fetch GET 200 https://registry.npmjs.org/sass 63ms (cache revalidated)
54 silly packumentCache full:https://registry.npmjs.org/sass set size:724154 disposed:false
55 verbose stack Error: unable to resolve dependency tree
55 verbose stack     at #failPeerConflict (/Users/leads/.local/share/fnm/node-versions/v22.22.0/installation/lib/node_modules/npm/node_modules/@npmcli/arborist/lib/arborist/build-ideal-tree.js:1415:25)
55 verbose stack     at #loadPeerSet (/Users/leads/.local/share/fnm/node-versions/v22.22.0/installation/lib/node_modules/npm/node_modules/@npmcli/arborist/lib/arborist/build-ideal-tree.js:1381:33)
55 verbose stack     at async #buildDepStep (/Users/leads/.local/share/fnm/node-versions/v22.22.0/installation/lib/node_modules/npm/node_modules/@npmcli/arborist/lib/arborist/build-ideal-tree.js:917:11)
55 verbose stack     at async Arborist.buildIdealTree (/Users/leads/.local/share/fnm/node-versions/v22.22.0/installation/lib/node_modules/npm/node_modules/@npmcli/arborist/lib/arborist/build-ideal-tree.js:170:7)
55 verbose stack     at async Promise.all (index 1)
55 verbose stack     at async Arborist.reify (/Users/leads/.local/share/fnm/node-versions/v22.22.0/installation/lib/node_modules/npm/node_modules/@npmcli/arborist/lib/arborist/reify.js:110:5)
55 verbose stack     at async Install.exec (/Users/leads/.local/share/fnm/node-versions/v22.22.0/installation/lib/node_modules/npm/lib/commands/install.js:152:5)
55 verbose stack     at async Npm.exec (/Users/leads/.local/share/fnm/node-versions/v22.22.0/installation/lib/node_modules/npm/lib/npm.js:209:9)
55 verbose stack     at async module.exports (/Users/leads/.local/share/fnm/node-versions/v22.22.0/installation/lib/node_modules/npm/lib/cli/entry.js:67:5)
56 error code ERESOLVE
57 error ERESOLVE unable to resolve dependency tree
58 error
59 error While resolving: lrdene-portfolio@0.1.0
59 error Found: next@16.2.1[2m[22m
59 error [2mnode_modules/next[22m
59 error   next@"^16.2.1" from the root project
59 error
59 error Could not resolve dependency:
59 error [95mpeer[39m next@">=14.3.0 && <=15.5.2" from @cloudflare/next-on-pages@1.13.16[2m[22m
59 error [2mnode_modules/@cloudflare/next-on-pages[22m
59 error   [34mdev[39m @cloudflare/next-on-pages@"*" from the root project
59 error
59 error Fix the upstream dependency conflict, or retry
59 error this command with --force or --legacy-peer-deps
59 error to accept an incorrect (and potentially broken) dependency resolution.
60 error
60 error
60 error For a full report see:
60 error /Users/leads/dev/Porfolio/lrdene-portfolio/.npm-cache/_logs/2026-03-21T13_55_52_277Z-eresolve-report.txt
61 silly unfinished npm timer reify 1774101354908
62 silly unfinished npm timer reify:loadTrees 1774101354913
63 silly unfinished npm timer idealTree:buildDeps 1774101354967
64 silly unfinished npm timer idealTree:#root 1774101354968
65 verbose cwd /Users/leads/dev/Porfolio/lrdene-portfolio
66 verbose os Darwin 25.4.0
67 verbose node v22.22.0
68 verbose npm  v11.11.0
69 verbose exit 1
70 verbose code 1
71 error A complete log of this run can be found in: /Users/leads/dev/Porfolio/lrdene-portfolio/.npm-cache/_logs/2026-03-21T13_55_52_277Z-debug-0.log
