0 verbose cli /Users/leads/.local/share/fnm/node-versions/v22.22.0/installation/bin/node /Users/leads/.local/state/fnm_multishells/8650_1774094953185/bin/npm
1 info using npm@11.11.0
2 info using node@v22.22.0
3 silly config load:file:/Users/leads/.local/share/fnm/node-versions/v22.22.0/installation/lib/node_modules/npm/npmrc
4 silly config load:file:/Users/leads/dev/Porfolio/lrdene-portfolio/.npmrc
5 silly config load:file:/Users/leads/.npmrc
6 silly config load:file:/Users/leads/.local/share/fnm/node-versions/v22.22.0/installation/etc/npmrc
7 verbose title npm install convex next@latest react@latest react-dom@latest
8 verbose argv "install" "convex" "next@latest" "react@latest" "react-dom@latest" "--cache" "./.npm-cache"
9 verbose logfile logs-max:10 dir:/Users/leads/dev/Porfolio/lrdene-portfolio/.npm-cache/_logs/2026-03-21T12_53_48_479Z-
10 verbose logfile /Users/leads/dev/Porfolio/lrdene-portfolio/.npm-cache/_logs/2026-03-21T12_53_48_479Z-debug-0.log
11 silly logfile done cleaning log files
12 silly packumentCache heap:4345298944 maxSize:1086324736 maxEntrySize:543162368
13 silly packumentCache corgi:https://registry.npmjs.org/next cache-miss
14 silly packumentCache corgi:https://registry.npmjs.org/react cache-miss
15 silly packumentCache corgi:https://registry.npmjs.org/react-dom cache-miss
16 verbose shrinkwrap failed to load node_modules/.package-lock.json EPERM: operation not permitted, stat '/Users/leads/dev/Porfolio/lrdene-portfolio/node_modules'
17 http fetch GET 200 https://registry.npmjs.org/react 275ms (cache miss)
18 silly packumentCache corgi:https://registry.npmjs.org/react set size:undefined disposed:false
19 http fetch GET 200 https://registry.npmjs.org/react-dom 314ms (cache miss)
20 silly packumentCache corgi:https://registry.npmjs.org/react-dom set size:undefined disposed:false
21 http fetch GET 200 https://registry.npmjs.org/next 431ms (cache miss)
22 silly packumentCache corgi:https://registry.npmjs.org/next set size:undefined disposed:false
23 silly idealTree buildDeps
24 silly fetch manifest next@16.2.1
25 silly packumentCache full:https://registry.npmjs.org/next cache-miss
26 http fetch GET 200 https://registry.npmjs.org/next 112ms (cache revalidated)
27 silly packumentCache full:https://registry.npmjs.org/next set size:29741260 disposed:false
28 silly fetch manifest @opentelemetry/api@^1.1.0
29 silly packumentCache full:https://registry.npmjs.org/@opentelemetry%2fapi cache-miss
30 http fetch GET 200 https://registry.npmjs.org/@opentelemetry%2fapi 80ms (cache revalidated)
31 silly packumentCache full:https://registry.npmjs.org/@opentelemetry%2fapi set size:455678 disposed:false
32 silly fetch manifest @playwright/test@^1.51.1
33 silly packumentCache full:https://registry.npmjs.org/@playwright%2ftest cache-miss
34 http fetch GET 200 https://registry.npmjs.org/@playwright%2ftest 87ms (cache revalidated)
35 silly packumentCache full:https://registry.npmjs.org/@playwright%2ftest set size:8869482 disposed:false
36 silly fetch manifest babel-plugin-react-compiler@*
37 silly packumentCache full:https://registry.npmjs.org/babel-plugin-react-compiler cache-miss
38 http fetch GET 200 https://registry.npmjs.org/babel-plugin-react-compiler 52ms (cache revalidated)
39 silly packumentCache full:https://registry.npmjs.org/babel-plugin-react-compiler set size:1287371 disposed:false
40 silly fetch manifest react@19.2.4
41 silly packumentCache full:https://registry.npmjs.org/react cache-miss
42 http fetch GET 200 https://registry.npmjs.org/react 63ms (cache revalidated)
43 silly packumentCache full:https://registry.npmjs.org/react set size:6555426 disposed:false
44 silly fetch manifest react-dom@19.2.4
45 silly packumentCache full:https://registry.npmjs.org/react-dom cache-miss
46 http fetch GET 200 https://registry.npmjs.org/react-dom 67ms (cache revalidated)
47 silly packumentCache full:https://registry.npmjs.org/react-dom set size:8705519 disposed:false
48 silly fetch manifest sass@^1.3.0
49 silly packumentCache full:https://registry.npmjs.org/sass cache-miss
50 http fetch GET 200 https://registry.npmjs.org/sass 45ms (cache revalidated)
51 silly packumentCache full:https://registry.npmjs.org/sass set size:724154 disposed:false
52 silly fetch manifest convex@*
53 silly packumentCache full:https://registry.npmjs.org/convex cache-miss
54 http fetch GET 200 https://registry.npmjs.org/convex 78ms (cache miss)
55 silly packumentCache full:https://registry.npmjs.org/convex set size:undefined disposed:false
56 silly fetch manifest @auth0/auth0-react@^2.0.1
57 silly packumentCache full:https://registry.npmjs.org/@auth0%2fauth0-react cache-miss
58 http fetch GET 200 https://registry.npmjs.org/@auth0%2fauth0-react 56ms (cache miss)
59 silly packumentCache full:https://registry.npmjs.org/@auth0%2fauth0-react set size:undefined disposed:false
60 silly fetch manifest @clerk/clerk-react@^4.12.8 || ^5.0.0
61 silly packumentCache full:https://registry.npmjs.org/@clerk%2fclerk-react cache-miss
62 http fetch GET 200 https://registry.npmjs.org/@clerk%2fclerk-react 180ms (cache miss)
63 silly packumentCache full:https://registry.npmjs.org/@clerk%2fclerk-react set size:undefined disposed:false
64 silly placeDep ROOT convex@1.34.0 OK for: lrdene-portfolio@0.1.0 want: *
65 silly placeDep ROOT next@16.2.1 REPLACE for: lrdene-portfolio@0.1.0 want: 16.2.1
66 silly placeDep ROOT react@19.2.4 REPLACE for: lrdene-portfolio@0.1.0 want: 19.2.4
67 silly placeDep ROOT react-dom@19.2.4 REPLACE for: lrdene-portfolio@0.1.0 want: 19.2.4
68 silly fetch manifest esbuild@0.27.0
69 silly packumentCache full:https://registry.npmjs.org/esbuild cache-miss
70 silly fetch manifest prettier@^3.0.0
71 silly packumentCache full:https://registry.npmjs.org/prettier cache-miss
72 silly fetch manifest ws@8.18.0
73 silly packumentCache full:https://registry.npmjs.org/ws cache-miss
74 silly fetch manifest @next/env@16.2.1
75 silly packumentCache full:https://registry.npmjs.org/@next%2fenv cache-miss
76 silly fetch manifest baseline-browser-mapping@^2.9.19
77 silly packumentCache full:https://registry.npmjs.org/baseline-browser-mapping cache-miss
78 silly fetch manifest @next/swc-darwin-x64@16.2.1
79 silly packumentCache full:https://registry.npmjs.org/@next%2fswc-darwin-x64 cache-miss
80 silly fetch manifest @next/swc-darwin-arm64@16.2.1
81 silly packumentCache full:https://registry.npmjs.org/@next%2fswc-darwin-arm64 cache-miss
82 silly fetch manifest @next/swc-linux-x64-gnu@16.2.1
83 silly packumentCache full:https://registry.npmjs.org/@next%2fswc-linux-x64-gnu cache-miss
84 silly fetch manifest @next/swc-linux-x64-musl@16.2.1
85 silly packumentCache full:https://registry.npmjs.org/@next%2fswc-linux-x64-musl cache-miss
86 silly fetch manifest @next/swc-win32-x64-msvc@16.2.1
87 silly packumentCache full:https://registry.npmjs.org/@next%2fswc-win32-x64-msvc cache-miss
88 silly fetch manifest @next/swc-linux-arm64-gnu@16.2.1
89 silly packumentCache full:https://registry.npmjs.org/@next%2fswc-linux-arm64-gnu cache-miss
90 http fetch GET 200 https://registry.npmjs.org/ws 51ms (cache miss)
91 silly packumentCache full:https://registry.npmjs.org/ws set size:undefined disposed:false
92 silly fetch manifest @next/swc-linux-arm64-musl@16.2.1
93 silly packumentCache full:https://registry.npmjs.org/@next%2fswc-linux-arm64-musl cache-miss
94 http fetch GET 200 https://registry.npmjs.org/prettier 66ms (cache miss)
95 silly packumentCache full:https://registry.npmjs.org/prettier set size:undefined disposed:false
96 silly fetch manifest @next/swc-win32-arm64-msvc@16.2.1
97 silly packumentCache full:https://registry.npmjs.org/@next%2fswc-win32-arm64-msvc cache-miss
98 http fetch GET 200 https://registry.npmjs.org/esbuild 79ms (cache miss)
99 silly packumentCache full:https://registry.npmjs.org/esbuild set size:undefined disposed:false
100 http fetch GET 200 https://registry.npmjs.org/@next%2fswc-linux-arm64-musl 79ms (cache revalidated)
101 silly packumentCache full:https://registry.npmjs.org/@next%2fswc-linux-arm64-musl set size:4977393 disposed:false
102 http fetch GET 200 https://registry.npmjs.org/@next%2fswc-win32-arm64-msvc 97ms (cache revalidated)
103 silly packumentCache full:https://registry.npmjs.org/@next%2fswc-win32-arm64-msvc set size:4942676 disposed:false
104 http fetch GET 200 https://registry.npmjs.org/@next%2fswc-darwin-arm64 211ms (cache revalidated)
105 silly packumentCache full:https://registry.npmjs.org/@next%2fswc-darwin-arm64 set size:5110255 disposed:false
106 http fetch GET 200 https://registry.npmjs.org/@next%2fswc-linux-x64-musl 245ms (cache revalidated)
107 silly packumentCache full:https://registry.npmjs.org/@next%2fswc-linux-x64-musl set size:4913809 disposed:false
108 http fetch GET 200 https://registry.npmjs.org/@next%2fenv 289ms (cache revalidated)
109 silly packumentCache full:https://registry.npmjs.org/@next%2fenv set size:7075601 disposed:false
110 http fetch GET 200 https://registry.npmjs.org/@next%2fswc-win32-x64-msvc 355ms (cache revalidated)
111 silly packumentCache full:https://registry.npmjs.org/@next%2fswc-win32-x64-msvc set size:5130269 disposed:false
112 http fetch GET 200 https://registry.npmjs.org/@next%2fswc-darwin-x64 387ms (cache revalidated)
113 silly packumentCache full:https://registry.npmjs.org/@next%2fswc-darwin-x64 set size:5054824 disposed:false
114 http fetch GET 200 https://registry.npmjs.org/@next%2fswc-linux-x64-gnu 416ms (cache revalidated)
115 silly packumentCache full:https://registry.npmjs.org/@next%2fswc-linux-x64-gnu set size:5157540 disposed:false
116 http fetch GET 200 https://registry.npmjs.org/@next%2fswc-linux-arm64-gnu 454ms (cache revalidated)
117 silly packumentCache full:https://registry.npmjs.org/@next%2fswc-linux-arm64-gnu set size:4960101 disposed:false
118 http fetch GET 200 https://registry.npmjs.org/baseline-browser-mapping 486ms (cache miss)
119 silly packumentCache full:https://registry.npmjs.org/baseline-browser-mapping set size:undefined disposed:false
120 silly fetch manifest bufferutil@^4.0.1
121 silly packumentCache full:https://registry.npmjs.org/bufferutil cache-miss
122 http fetch GET 200 https://registry.npmjs.org/bufferutil 44ms (cache miss)
123 silly packumentCache full:https://registry.npmjs.org/bufferutil set size:undefined disposed:false
124 silly fetch manifest utf-8-validate@>=5.0.2
125 silly packumentCache full:https://registry.npmjs.org/utf-8-validate cache-miss
126 http fetch GET 200 https://registry.npmjs.org/utf-8-validate 46ms (cache miss)
127 silly packumentCache full:https://registry.npmjs.org/utf-8-validate set size:undefined disposed:false
128 silly placeDep ROOT esbuild@0.27.0 OK for: convex@1.34.0 want: 0.27.0
129 silly placeDep ROOT prettier@3.8.1 OK for: convex@1.34.0 want: ^3.0.0
130 silly placeDep ROOT ws@8.18.0 OK for: convex@1.34.0 want: 8.18.0
131 silly fetch manifest @esbuild/aix-ppc64@0.27.0
132 silly packumentCache full:https://registry.npmjs.org/@esbuild%2faix-ppc64 cache-miss
133 silly fetch manifest @esbuild/linux-arm@0.27.0
134 silly packumentCache full:https://registry.npmjs.org/@esbuild%2flinux-arm cache-miss
135 silly fetch manifest @esbuild/linux-x64@0.27.0
136 silly packumentCache full:https://registry.npmjs.org/@esbuild%2flinux-x64 cache-miss
137 silly fetch manifest @esbuild/sunos-x64@0.27.0
138 silly packumentCache full:https://registry.npmjs.org/@esbuild%2fsunos-x64 cache-miss
139 silly fetch manifest @esbuild/win32-x64@0.27.0
140 silly packumentCache full:https://registry.npmjs.org/@esbuild%2fwin32-x64 cache-miss
141 silly fetch manifest @esbuild/darwin-x64@0.27.0
142 silly packumentCache full:https://registry.npmjs.org/@esbuild%2fdarwin-x64 cache-miss
143 silly fetch manifest @esbuild/linux-ia32@0.27.0
144 silly packumentCache full:https://registry.npmjs.org/@esbuild%2flinux-ia32 cache-miss
145 silly fetch manifest @esbuild/netbsd-x64@0.27.0
146 silly packumentCache full:https://registry.npmjs.org/@esbuild%2fnetbsd-x64 cache-miss
147 silly fetch manifest @esbuild/win32-ia32@0.27.0
148 silly packumentCache full:https://registry.npmjs.org/@esbuild%2fwin32-ia32 cache-miss
149 silly fetch manifest @esbuild/android-arm@0.27.0
150 silly packumentCache full:https://registry.npmjs.org/@esbuild%2fandroid-arm cache-miss
151 silly fetch manifest @esbuild/android-x64@0.27.0
152 silly packumentCache full:https://registry.npmjs.org/@esbuild%2fandroid-x64 cache-miss
153 http fetch GET 200 https://registry.npmjs.org/@esbuild%2fandroid-x64 82ms (cache miss)
154 silly packumentCache full:https://registry.npmjs.org/@esbuild%2fandroid-x64 set size:undefined disposed:false
155 silly fetch manifest @esbuild/freebsd-x64@0.27.0
156 silly packumentCache full:https://registry.npmjs.org/@esbuild%2ffreebsd-x64 cache-miss
157 http fetch GET 200 https://registry.npmjs.org/@esbuild%2faix-ppc64 88ms (cache miss)
158 silly packumentCache full:https://registry.npmjs.org/@esbuild%2faix-ppc64 set size:undefined disposed:false
159 silly fetch manifest @esbuild/linux-arm64@0.27.0
160 silly packumentCache full:https://registry.npmjs.org/@esbuild%2flinux-arm64 cache-miss
161 http fetch GET 200 https://registry.npmjs.org/@esbuild%2fsunos-x64 89ms (cache miss)
162 silly packumentCache full:https://registry.npmjs.org/@esbuild%2fsunos-x64 set size:undefined disposed:false
163 silly fetch manifest @esbuild/linux-ppc64@0.27.0
164 silly packumentCache full:https://registry.npmjs.org/@esbuild%2flinux-ppc64 cache-miss
165 http fetch GET 200 https://registry.npmjs.org/@esbuild%2fandroid-arm 92ms (cache miss)
166 silly packumentCache full:https://registry.npmjs.org/@esbuild%2fandroid-arm set size:undefined disposed:false
167 silly fetch manifest @esbuild/linux-s390x@0.27.0
168 silly packumentCache full:https://registry.npmjs.org/@esbuild%2flinux-s390x cache-miss
169 http fetch GET 200 https://registry.npmjs.org/@esbuild%2flinux-arm 98ms (cache miss)
170 silly packumentCache full:https://registry.npmjs.org/@esbuild%2flinux-arm set size:undefined disposed:false
171 silly fetch manifest @esbuild/openbsd-x64@0.27.0
172 silly packumentCache full:https://registry.npmjs.org/@esbuild%2fopenbsd-x64 cache-miss
173 http fetch GET 200 https://registry.npmjs.org/@esbuild%2flinux-x64 102ms (cache miss)
174 silly packumentCache full:https://registry.npmjs.org/@esbuild%2flinux-x64 set size:undefined disposed:false
175 silly fetch manifest @esbuild/win32-arm64@0.27.0
176 silly packumentCache full:https://registry.npmjs.org/@esbuild%2fwin32-arm64 cache-miss
177 http fetch GET 200 https://registry.npmjs.org/@esbuild%2fdarwin-x64 103ms (cache miss)
178 silly packumentCache full:https://registry.npmjs.org/@esbuild%2fdarwin-x64 set size:undefined disposed:false
179 silly fetch manifest @esbuild/darwin-arm64@0.27.0
180 silly packumentCache full:https://registry.npmjs.org/@esbuild%2fdarwin-arm64 cache-miss
181 http fetch GET 200 https://registry.npmjs.org/@esbuild%2fnetbsd-x64 106ms (cache miss)
182 silly packumentCache full:https://registry.npmjs.org/@esbuild%2fnetbsd-x64 set size:undefined disposed:false
183 silly fetch manifest @esbuild/netbsd-arm64@0.27.0
184 silly packumentCache full:https://registry.npmjs.org/@esbuild%2fnetbsd-arm64 cache-miss
185 http fetch GET 200 https://registry.npmjs.org/@esbuild%2fwin32-x64 109ms (cache miss)
186 silly packumentCache full:https://registry.npmjs.org/@esbuild%2fwin32-x64 set size:undefined disposed:false
187 silly fetch manifest @esbuild/android-arm64@0.27.0
188 silly packumentCache full:https://registry.npmjs.org/@esbuild%2fandroid-arm64 cache-miss
189 http fetch GET 200 https://registry.npmjs.org/@esbuild%2fwin32-ia32 111ms (cache miss)
190 silly packumentCache full:https://registry.npmjs.org/@esbuild%2fwin32-ia32 set size:undefined disposed:false
191 silly fetch manifest @esbuild/freebsd-arm64@0.27.0
192 silly packumentCache full:https://registry.npmjs.org/@esbuild%2ffreebsd-arm64 cache-miss
193 http fetch GET 200 https://registry.npmjs.org/@esbuild%2flinux-ia32 114ms (cache miss)
194 silly packumentCache full:https://registry.npmjs.org/@esbuild%2flinux-ia32 set size:undefined disposed:false
195 silly fetch manifest @esbuild/linux-loong64@0.27.0
196 silly packumentCache full:https://registry.npmjs.org/@esbuild%2flinux-loong64 cache-miss
197 http fetch GET 200 https://registry.npmjs.org/@esbuild%2flinux-ppc64 59ms (cache miss)
198 silly packumentCache full:https://registry.npmjs.org/@esbuild%2flinux-ppc64 set size:undefined disposed:false
199 silly fetch manifest @esbuild/linux-riscv64@0.27.0
200 silly packumentCache full:https://registry.npmjs.org/@esbuild%2flinux-riscv64 cache-miss
201 http fetch GET 200 https://registry.npmjs.org/@esbuild%2flinux-arm64 66ms (cache miss)
202 silly packumentCache full:https://registry.npmjs.org/@esbuild%2flinux-arm64 set size:undefined disposed:false
203 silly fetch manifest @esbuild/openbsd-arm64@0.27.0
204 silly packumentCache full:https://registry.npmjs.org/@esbuild%2fopenbsd-arm64 cache-miss
205 http fetch GET 200 https://registry.npmjs.org/@esbuild%2ffreebsd-x64 73ms (cache miss)
206 silly packumentCache full:https://registry.npmjs.org/@esbuild%2ffreebsd-x64 set size:undefined disposed:false
207 silly fetch manifest @esbuild/linux-mips64el@0.27.0
208 silly packumentCache full:https://registry.npmjs.org/@esbuild%2flinux-mips64el cache-miss
209 http fetch GET 200 https://registry.npmjs.org/@esbuild%2flinux-s390x 74ms (cache miss)
210 silly packumentCache full:https://registry.npmjs.org/@esbuild%2flinux-s390x set size:undefined disposed:false
211 silly fetch manifest @esbuild/openharmony-arm64@0.27.0
212 silly packumentCache full:https://registry.npmjs.org/@esbuild%2fopenharmony-arm64 cache-miss
213 http fetch GET 200 https://registry.npmjs.org/@esbuild%2fopenbsd-x64 74ms (cache miss)
214 silly packumentCache full:https://registry.npmjs.org/@esbuild%2fopenbsd-x64 set size:undefined disposed:false
215 http fetch GET 200 https://registry.npmjs.org/@esbuild%2fnetbsd-arm64 67ms (cache miss)
216 silly packumentCache full:https://registry.npmjs.org/@esbuild%2fnetbsd-arm64 set size:undefined disposed:false
217 http fetch GET 200 https://registry.npmjs.org/@esbuild%2fwin32-arm64 76ms (cache miss)
218 silly packumentCache full:https://registry.npmjs.org/@esbuild%2fwin32-arm64 set size:undefined disposed:false
219 http fetch GET 200 https://registry.npmjs.org/@esbuild%2fdarwin-arm64 76ms (cache miss)
220 silly packumentCache full:https://registry.npmjs.org/@esbuild%2fdarwin-arm64 set size:undefined disposed:false
221 http fetch GET 200 https://registry.npmjs.org/@esbuild%2ffreebsd-arm64 75ms (cache miss)
222 silly packumentCache full:https://registry.npmjs.org/@esbuild%2ffreebsd-arm64 set size:undefined disposed:false
223 http fetch GET 200 https://registry.npmjs.org/@esbuild%2fandroid-arm64 78ms (cache miss)
224 silly packumentCache full:https://registry.npmjs.org/@esbuild%2fandroid-arm64 set size:undefined disposed:false
225 http fetch GET 200 https://registry.npmjs.org/@esbuild%2flinux-loong64 74ms (cache miss)
226 silly packumentCache full:https://registry.npmjs.org/@esbuild%2flinux-loong64 set size:undefined disposed:false
227 http fetch GET 200 https://registry.npmjs.org/@esbuild%2flinux-riscv64 60ms (cache miss)
228 silly packumentCache full:https://registry.npmjs.org/@esbuild%2flinux-riscv64 set size:undefined disposed:false
229 http fetch GET 200 https://registry.npmjs.org/@esbuild%2fopenharmony-arm64 58ms (cache miss)
230 silly packumentCache full:https://registry.npmjs.org/@esbuild%2fopenharmony-arm64 set size:undefined disposed:false
231 http fetch GET 200 https://registry.npmjs.org/@esbuild%2fopenbsd-arm64 74ms (cache miss)
232 silly packumentCache full:https://registry.npmjs.org/@esbuild%2fopenbsd-arm64 set size:undefined disposed:false
233 http fetch GET 200 https://registry.npmjs.org/@esbuild%2flinux-mips64el 71ms (cache miss)
234 silly packumentCache full:https://registry.npmjs.org/@esbuild%2flinux-mips64el set size:undefined disposed:false
235 silly placeDep ROOT @esbuild/aix-ppc64@0.27.0 OK for: esbuild@0.27.0 want: 0.27.0
236 silly placeDep ROOT @esbuild/android-arm@0.27.0 OK for: esbuild@0.27.0 want: 0.27.0
237 silly placeDep ROOT @esbuild/android-arm64@0.27.0 OK for: esbuild@0.27.0 want: 0.27.0
238 silly placeDep ROOT @esbuild/android-x64@0.27.0 OK for: esbuild@0.27.0 want: 0.27.0
239 silly placeDep ROOT @esbuild/darwin-arm64@0.27.0 OK for: esbuild@0.27.0 want: 0.27.0
240 silly placeDep ROOT @esbuild/darwin-x64@0.27.0 OK for: esbuild@0.27.0 want: 0.27.0
241 silly placeDep ROOT @esbuild/freebsd-arm64@0.27.0 OK for: esbuild@0.27.0 want: 0.27.0
242 silly placeDep ROOT @esbuild/freebsd-x64@0.27.0 OK for: esbuild@0.27.0 want: 0.27.0
243 silly placeDep ROOT @esbuild/linux-arm@0.27.0 OK for: esbuild@0.27.0 want: 0.27.0
244 silly placeDep ROOT @esbuild/linux-arm64@0.27.0 OK for: esbuild@0.27.0 want: 0.27.0
245 silly placeDep ROOT @esbuild/linux-ia32@0.27.0 OK for: esbuild@0.27.0 want: 0.27.0
246 silly placeDep ROOT @esbuild/linux-loong64@0.27.0 OK for: esbuild@0.27.0 want: 0.27.0
247 silly placeDep ROOT @esbuild/linux-mips64el@0.27.0 OK for: esbuild@0.27.0 want: 0.27.0
248 silly placeDep ROOT @esbuild/linux-ppc64@0.27.0 OK for: esbuild@0.27.0 want: 0.27.0
249 silly placeDep ROOT @esbuild/linux-riscv64@0.27.0 OK for: esbuild@0.27.0 want: 0.27.0
250 silly placeDep ROOT @esbuild/linux-s390x@0.27.0 OK for: esbuild@0.27.0 want: 0.27.0
251 silly placeDep ROOT @esbuild/linux-x64@0.27.0 OK for: esbuild@0.27.0 want: 0.27.0
252 silly placeDep ROOT @esbuild/netbsd-arm64@0.27.0 OK for: esbuild@0.27.0 want: 0.27.0
253 silly placeDep ROOT @esbuild/netbsd-x64@0.27.0 OK for: esbuild@0.27.0 want: 0.27.0
254 silly placeDep ROOT @esbuild/openbsd-arm64@0.27.0 OK for: esbuild@0.27.0 want: 0.27.0
255 silly placeDep ROOT @esbuild/openbsd-x64@0.27.0 OK for: esbuild@0.27.0 want: 0.27.0
256 silly placeDep ROOT @esbuild/openharmony-arm64@0.27.0 OK for: esbuild@0.27.0 want: 0.27.0
257 silly placeDep ROOT @esbuild/sunos-x64@0.27.0 OK for: esbuild@0.27.0 want: 0.27.0
258 silly placeDep ROOT @esbuild/win32-arm64@0.27.0 OK for: esbuild@0.27.0 want: 0.27.0
259 silly placeDep ROOT @esbuild/win32-ia32@0.27.0 OK for: esbuild@0.27.0 want: 0.27.0
260 silly placeDep ROOT @esbuild/win32-x64@0.27.0 OK for: esbuild@0.27.0 want: 0.27.0
261 silly placeDep ROOT @next/env@16.2.1 OK for: next@16.2.1 want: 16.2.1
262 silly placeDep ROOT @next/swc-darwin-arm64@16.2.1 OK for: next@16.2.1 want: 16.2.1
263 silly placeDep ROOT @next/swc-darwin-x64@16.2.1 OK for: next@16.2.1 want: 16.2.1
264 silly placeDep ROOT @next/swc-linux-arm64-gnu@16.2.1 OK for: next@16.2.1 want: 16.2.1
265 silly placeDep ROOT @next/swc-linux-arm64-musl@16.2.1 OK for: next@16.2.1 want: 16.2.1
266 silly placeDep ROOT @next/swc-linux-x64-gnu@16.2.1 OK for: next@16.2.1 want: 16.2.1
267 silly placeDep ROOT @next/swc-linux-x64-musl@16.2.1 OK for: next@16.2.1 want: 16.2.1
268 silly placeDep ROOT @next/swc-win32-arm64-msvc@16.2.1 OK for: next@16.2.1 want: 16.2.1
269 silly placeDep ROOT @next/swc-win32-x64-msvc@16.2.1 OK for: next@16.2.1 want: 16.2.1
270 silly placeDep ROOT baseline-browser-mapping@2.10.9 OK for: next@16.2.1 want: ^2.9.19
271 silly reify moves {}
272 silly audit bulk request {
272 silly audit   '@emnapi/runtime': [ '1.9.1' ],
272 silly audit   '@img/colour': [ '1.1.0' ],
272 silly audit   '@img/sharp-darwin-arm64': [ '0.34.5' ],
272 silly audit   '@img/sharp-darwin-x64': [ '0.34.5' ],
272 silly audit   '@img/sharp-libvips-darwin-arm64': [ '1.2.4' ],
272 silly audit   '@img/sharp-libvips-darwin-x64': [ '1.2.4' ],
272 silly audit   '@img/sharp-libvips-linux-arm': [ '1.2.4' ],
272 silly audit   '@img/sharp-libvips-linux-arm64': [ '1.2.4' ],
272 silly audit   '@img/sharp-libvips-linux-ppc64': [ '1.2.4' ],
272 silly audit   '@img/sharp-libvips-linux-riscv64': [ '1.2.4' ],
272 silly audit   '@img/sharp-libvips-linux-s390x': [ '1.2.4' ],
272 silly audit   '@img/sharp-libvips-linux-x64': [ '1.2.4' ],
272 silly audit   '@img/sharp-libvips-linuxmusl-arm64': [ '1.2.4' ],
272 silly audit   '@img/sharp-libvips-linuxmusl-x64': [ '1.2.4' ],
272 silly audit   '@img/sharp-linux-arm': [ '0.34.5' ],
272 silly audit   '@img/sharp-linux-arm64': [ '0.34.5' ],
272 silly audit   '@img/sharp-linux-ppc64': [ '0.34.5' ],
272 silly audit   '@img/sharp-linux-riscv64': [ '0.34.5' ],
272 silly audit   '@img/sharp-linux-s390x': [ '0.34.5' ],
272 silly audit   '@img/sharp-linux-x64': [ '0.34.5' ],
272 silly audit   '@img/sharp-linuxmusl-arm64': [ '0.34.5' ],
272 silly audit   '@img/sharp-linuxmusl-x64': [ '0.34.5' ],
272 silly audit   '@img/sharp-wasm32': [ '0.34.5' ],
272 silly audit   '@img/sharp-win32-arm64': [ '0.34.5' ],
272 silly audit   '@img/sharp-win32-ia32': [ '0.34.5' ],
272 silly audit   '@img/sharp-win32-x64': [ '0.34.5' ],
272 silly audit   '@swc/helpers': [ '0.5.15' ],
272 silly audit   '@types/node': [ '25.5.0' ],
272 silly audit   '@types/react': [ '19.2.14' ],
272 silly audit   '@types/react-dom': [ '19.2.3' ],
272 silly audit   'caniuse-lite': [ '1.0.30001780' ],
272 silly audit   'client-only': [ '0.0.1' ],
272 silly audit   clsx: [ '2.1.1' ],
272 silly audit   csstype: [ '3.2.3' ],
272 silly audit   'detect-libc': [ '2.1.2' ],
272 silly audit   'framer-motion': [ '12.38.0' ],
272 silly audit   'lucide-react': [ '0.577.0' ],
272 silly audit   'motion-dom': [ '12.38.0' ],
272 silly audit   'motion-utils': [ '12.36.0' ],
272 silly audit   nanoid: [ '3.3.11' ],
272 silly audit   picocolors: [ '1.1.1' ],
272 silly audit   postcss: [ '8.4.31' ],
272 silly audit   scheduler: [ '0.27.0' ],
272 silly audit   semver: [ '7.7.4' ],
272 silly audit   sharp: [ '0.34.5' ],
272 silly audit   'source-map-js': [ '1.2.1' ],
272 silly audit   'styled-jsx': [ '5.1.6' ],
272 silly audit   'tailwind-merge': [ '3.5.0' ],
272 silly audit   tslib: [ '2.8.1' ],
272 silly audit   typescript: [ '5.9.3' ],
272 silly audit   'undici-types': [ '7.18.2' ],
272 silly audit   convex: [ '1.34.0' ],
272 silly audit   next: [ '16.2.1' ],
272 silly audit   react: [ '19.2.4' ],
272 silly audit   'react-dom': [ '19.2.4' ],
272 silly audit   esbuild: [ '0.27.0' ],
272 silly audit   prettier: [ '3.8.1' ],
272 silly audit   ws: [ '8.18.0' ],
272 silly audit   '@esbuild/aix-ppc64': [ '0.27.0' ],
272 silly audit   '@esbuild/android-arm': [ '0.27.0' ],
272 silly audit   '@esbuild/android-arm64': [ '0.27.0' ],
272 silly audit   '@esbuild/android-x64': [ '0.27.0' ],
272 silly audit   '@esbuild/darwin-arm64': [ '0.27.0' ],
272 silly audit   '@esbuild/darwin-x64': [ '0.27.0' ],
272 silly audit   '@esbuild/freebsd-arm64': [ '0.27.0' ],
272 silly audit   '@esbuild/freebsd-x64': [ '0.27.0' ],
272 silly audit   '@esbuild/linux-arm': [ '0.27.0' ],
272 silly audit   '@esbuild/linux-arm64': [ '0.27.0' ],
272 silly audit   '@esbuild/linux-ia32': [ '0.27.0' ],
272 silly audit   '@esbuild/linux-loong64': [ '0.27.0' ],
272 silly audit   '@esbuild/linux-mips64el': [ '0.27.0' ],
272 silly audit   '@esbuild/linux-ppc64': [ '0.27.0' ],
272 silly audit   '@esbuild/linux-riscv64': [ '0.27.0' ],
272 silly audit   '@esbuild/linux-s390x': [ '0.27.0' ],
272 silly audit   '@esbuild/linux-x64': [ '0.27.0' ],
272 silly audit   '@esbuild/netbsd-arm64': [ '0.27.0' ],
272 silly audit   '@esbuild/netbsd-x64': [ '0.27.0' ],
272 silly audit   '@esbuild/openbsd-arm64': [ '0.27.0' ],
272 silly audit   '@esbuild/openbsd-x64': [ '0.27.0' ],
272 silly audit   '@esbuild/openharmony-arm64': [ '0.27.0' ],
272 silly audit   '@esbuild/sunos-x64': [ '0.27.0' ],
272 silly audit   '@esbuild/win32-arm64': [ '0.27.0' ],
272 silly audit   '@esbuild/win32-ia32': [ '0.27.0' ],
272 silly audit   '@esbuild/win32-x64': [ '0.27.0' ],
272 silly audit   '@next/env': [ '16.2.1' ],
272 silly audit   '@next/swc-darwin-arm64': [ '16.2.1' ],
272 silly audit   '@next/swc-darwin-x64': [ '16.2.1' ],
272 silly audit   '@next/swc-linux-arm64-gnu': [ '16.2.1' ],
272 silly audit   '@next/swc-linux-arm64-musl': [ '16.2.1' ],
272 silly audit   '@next/swc-linux-x64-gnu': [ '16.2.1' ],
272 silly audit   '@next/swc-linux-x64-musl': [ '16.2.1' ],
272 silly audit   '@next/swc-win32-arm64-msvc': [ '16.2.1' ],
272 silly audit   '@next/swc-win32-x64-msvc': [ '16.2.1' ],
272 silly audit   'baseline-browser-mapping': [ '2.10.9' ]
272 silly audit }
273 http cache baseline-browser-mapping@https://registry.npmjs.org/baseline-browser-mapping/-/baseline-browser-mapping-2.10.9.tgz 0ms (cache hit)
274 http cache ws@https://registry.npmjs.org/ws/-/ws-8.18.0.tgz 0ms (cache hit)
275 http cache @esbuild/darwin-x64@https://registry.npmjs.org/@esbuild/darwin-x64/-/darwin-x64-0.27.0.tgz 0ms (cache hit)
276 http cache prettier@https://registry.npmjs.org/prettier/-/prettier-3.8.1.tgz 0ms (cache hit)
277 http cache convex@https://registry.npmjs.org/convex/-/convex-1.34.0.tgz 1ms (cache hit)
278 http cache esbuild@https://registry.npmjs.org/esbuild/-/esbuild-0.27.0.tgz 0ms (cache hit)
279 silly tarball no local data for baseline-browser-mapping@https://registry.npmjs.org/baseline-browser-mapping/-/baseline-browser-mapping-2.10.9.tgz. Extracting by manifest.
280 silly tarball no local data for ws@https://registry.npmjs.org/ws/-/ws-8.18.0.tgz. Extracting by manifest.
281 silly tarball no local data for @esbuild/darwin-x64@https://registry.npmjs.org/@esbuild/darwin-x64/-/darwin-x64-0.27.0.tgz. Extracting by manifest.
282 silly tarball no local data for prettier@https://registry.npmjs.org/prettier/-/prettier-3.8.1.tgz. Extracting by manifest.
283 silly tarball no local data for convex@https://registry.npmjs.org/convex/-/convex-1.34.0.tgz. Extracting by manifest.
284 silly tarball no local data for esbuild@https://registry.npmjs.org/esbuild/-/esbuild-0.27.0.tgz. Extracting by manifest.
285 verbose reify failed optional dependency /Users/leads/dev/Porfolio/lrdene-portfolio/node_modules/sharp
286 silly reify mark deleted [ '/Users/leads/dev/Porfolio/lrdene-portfolio/node_modules/sharp' ]
287 verbose reify failed optional dependency /Users/leads/dev/Porfolio/lrdene-portfolio/node_modules/@img/colour
288 silly reify mark deleted [
288 silly reify   '/Users/leads/dev/Porfolio/lrdene-portfolio/node_modules/@img/colour'
288 silly reify ]
289 verbose reify failed optional dependency /Users/leads/dev/Porfolio/lrdene-portfolio/node_modules/detect-libc
290 silly reify mark deleted [
290 silly reify   '/Users/leads/dev/Porfolio/lrdene-portfolio/node_modules/detect-libc'
290 silly reify ]
291 verbose reify failed optional dependency /Users/leads/dev/Porfolio/lrdene-portfolio/node_modules/semver
292 silly reify mark deleted [
292 silly reify   '/Users/leads/dev/Porfolio/lrdene-portfolio/node_modules/semver',
292 silly reify   '/Users/leads/dev/Porfolio/lrdene-portfolio/node_modules/.bin/semver'
292 silly reify ]
293 verbose reify failed optional dependency /Users/leads/dev/Porfolio/lrdene-portfolio/node_modules/@img/sharp-darwin-arm64
294 silly reify mark deleted [
294 silly reify   '/Users/leads/dev/Porfolio/lrdene-portfolio/node_modules/@img/sharp-darwin-arm64'
294 silly reify ]
295 verbose reify failed optional dependency /Users/leads/dev/Porfolio/lrdene-portfolio/node_modules/@img/sharp-darwin-x64
296 silly reify mark deleted [
296 silly reify   '/Users/leads/dev/Porfolio/lrdene-portfolio/node_modules/@img/sharp-darwin-x64'
296 silly reify ]
297 verbose reify failed optional dependency /Users/leads/dev/Porfolio/lrdene-portfolio/node_modules/@img/sharp-libvips-darwin-arm64
298 silly reify mark deleted [
298 silly reify   '/Users/leads/dev/Porfolio/lrdene-portfolio/node_modules/@img/sharp-libvips-darwin-arm64'
298 silly reify ]
299 verbose reify failed optional dependency /Users/leads/dev/Porfolio/lrdene-portfolio/node_modules/@img/sharp-libvips-darwin-x64
300 silly reify mark deleted [
300 silly reify   '/Users/leads/dev/Porfolio/lrdene-portfolio/node_modules/@img/sharp-libvips-darwin-x64'
300 silly reify ]
301 verbose reify failed optional dependency /Users/leads/dev/Porfolio/lrdene-portfolio/node_modules/@img/sharp-libvips-linux-arm
302 silly reify mark deleted [
302 silly reify   '/Users/leads/dev/Porfolio/lrdene-portfolio/node_modules/@img/sharp-libvips-linux-arm'
302 silly reify ]
303 verbose reify failed optional dependency /Users/leads/dev/Porfolio/lrdene-portfolio/node_modules/@img/sharp-libvips-linux-arm64
304 silly reify mark deleted [
304 silly reify   '/Users/leads/dev/Porfolio/lrdene-portfolio/node_modules/@img/sharp-libvips-linux-arm64'
304 silly reify ]
305 verbose reify failed optional dependency /Users/leads/dev/Porfolio/lrdene-portfolio/node_modules/@img/sharp-libvips-linux-ppc64
306 silly reify mark deleted [
306 silly reify   '/Users/leads/dev/Porfolio/lrdene-portfolio/node_modules/@img/sharp-libvips-linux-ppc64'
306 silly reify ]
307 verbose reify failed optional dependency /Users/leads/dev/Porfolio/lrdene-portfolio/node_modules/@img/sharp-libvips-linux-riscv64
308 silly reify mark deleted [
308 silly reify   '/Users/leads/dev/Porfolio/lrdene-portfolio/node_modules/@img/sharp-libvips-linux-riscv64'
308 silly reify ]
309 verbose reify failed optional dependency /Users/leads/dev/Porfolio/lrdene-portfolio/node_modules/@img/sharp-libvips-linux-s390x
310 silly reify mark deleted [
310 silly reify   '/Users/leads/dev/Porfolio/lrdene-portfolio/node_modules/@img/sharp-libvips-linux-s390x'
310 silly reify ]
311 verbose reify failed optional dependency /Users/leads/dev/Porfolio/lrdene-portfolio/node_modules/@img/sharp-libvips-linux-x64
312 silly reify mark deleted [
312 silly reify   '/Users/leads/dev/Porfolio/lrdene-portfolio/node_modules/@img/sharp-libvips-linux-x64'
312 silly reify ]
313 verbose reify failed optional dependency /Users/leads/dev/Porfolio/lrdene-portfolio/node_modules/@img/sharp-libvips-linuxmusl-arm64
314 silly reify mark deleted [
314 silly reify   '/Users/leads/dev/Porfolio/lrdene-portfolio/node_modules/@img/sharp-libvips-linuxmusl-arm64'
314 silly reify ]
315 verbose reify failed optional dependency /Users/leads/dev/Porfolio/lrdene-portfolio/node_modules/@img/sharp-libvips-linuxmusl-x64
316 silly reify mark deleted [
316 silly reify   '/Users/leads/dev/Porfolio/lrdene-portfolio/node_modules/@img/sharp-libvips-linuxmusl-x64'
316 silly reify ]
317 verbose reify failed optional dependency /Users/leads/dev/Porfolio/lrdene-portfolio/node_modules/@img/sharp-linux-arm
318 silly reify mark deleted [
318 silly reify   '/Users/leads/dev/Porfolio/lrdene-portfolio/node_modules/@img/sharp-linux-arm'
318 silly reify ]
319 verbose reify failed optional dependency /Users/leads/dev/Porfolio/lrdene-portfolio/node_modules/@img/sharp-linux-arm64
320 silly reify mark deleted [
320 silly reify   '/Users/leads/dev/Porfolio/lrdene-portfolio/node_modules/@img/sharp-linux-arm64'
320 silly reify ]
321 verbose reify failed optional dependency /Users/leads/dev/Porfolio/lrdene-portfolio/node_modules/@img/sharp-linux-ppc64
322 silly reify mark deleted [
322 silly reify   '/Users/leads/dev/Porfolio/lrdene-portfolio/node_modules/@img/sharp-linux-ppc64'
322 silly reify ]
323 verbose reify failed optional dependency /Users/leads/dev/Porfolio/lrdene-portfolio/node_modules/@img/sharp-linux-riscv64
324 silly reify mark deleted [
324 silly reify   '/Users/leads/dev/Porfolio/lrdene-portfolio/node_modules/@img/sharp-linux-riscv64'
324 silly reify ]
325 verbose reify failed optional dependency /Users/leads/dev/Porfolio/lrdene-portfolio/node_modules/@img/sharp-linux-s390x
326 silly reify mark deleted [
326 silly reify   '/Users/leads/dev/Porfolio/lrdene-portfolio/node_modules/@img/sharp-linux-s390x'
326 silly reify ]
327 verbose reify failed optional dependency /Users/leads/dev/Porfolio/lrdene-portfolio/node_modules/@img/sharp-linux-x64
328 silly reify mark deleted [
328 silly reify   '/Users/leads/dev/Porfolio/lrdene-portfolio/node_modules/@img/sharp-linux-x64'
328 silly reify ]
329 verbose reify failed optional dependency /Users/leads/dev/Porfolio/lrdene-portfolio/node_modules/@img/sharp-linuxmusl-arm64
330 silly reify mark deleted [
330 silly reify   '/Users/leads/dev/Porfolio/lrdene-portfolio/node_modules/@img/sharp-linuxmusl-arm64'
330 silly reify ]
331 verbose reify failed optional dependency /Users/leads/dev/Porfolio/lrdene-portfolio/node_modules/@img/sharp-linuxmusl-x64
332 silly reify mark deleted [
332 silly reify   '/Users/leads/dev/Porfolio/lrdene-portfolio/node_modules/@img/sharp-linuxmusl-x64'
332 silly reify ]
333 verbose reify failed optional dependency /Users/leads/dev/Porfolio/lrdene-portfolio/node_modules/@img/sharp-wasm32
334 silly reify mark deleted [
334 silly reify   '/Users/leads/dev/Porfolio/lrdene-portfolio/node_modules/@img/sharp-wasm32'
334 silly reify ]
335 verbose reify failed optional dependency /Users/leads/dev/Porfolio/lrdene-portfolio/node_modules/@img/sharp-win32-arm64
336 silly reify mark deleted [
336 silly reify   '/Users/leads/dev/Porfolio/lrdene-portfolio/node_modules/@img/sharp-win32-arm64'
336 silly reify ]
337 verbose reify failed optional dependency /Users/leads/dev/Porfolio/lrdene-portfolio/node_modules/@img/sharp-win32-ia32
338 silly reify mark deleted [
338 silly reify   '/Users/leads/dev/Porfolio/lrdene-portfolio/node_modules/@img/sharp-win32-ia32'
338 silly reify ]
339 verbose reify failed optional dependency /Users/leads/dev/Porfolio/lrdene-portfolio/node_modules/@img/sharp-win32-x64
340 silly reify mark deleted [
340 silly reify   '/Users/leads/dev/Porfolio/lrdene-portfolio/node_modules/@img/sharp-win32-x64'
340 silly reify ]
341 verbose reify failed optional dependency /Users/leads/dev/Porfolio/lrdene-portfolio/node_modules/@emnapi/runtime
342 silly reify mark deleted [
342 silly reify   '/Users/leads/dev/Porfolio/lrdene-portfolio/node_modules/@emnapi/runtime'
342 silly reify ]
343 verbose reify failed optional dependency /Users/leads/dev/Porfolio/lrdene-portfolio/node_modules/semver
344 silly reify mark deleted [
344 silly reify   '/Users/leads/dev/Porfolio/lrdene-portfolio/node_modules/semver',
344 silly reify   '/Users/leads/dev/Porfolio/lrdene-portfolio/node_modules/.bin/semver'
344 silly reify ]
345 verbose reify failed optional dependency /Users/leads/dev/Porfolio/lrdene-portfolio/node_modules/sharp
346 silly reify mark deleted [ '/Users/leads/dev/Porfolio/lrdene-portfolio/node_modules/sharp' ]
347 verbose reify failed optional dependency /Users/leads/dev/Porfolio/lrdene-portfolio/node_modules/@img/colour
348 silly reify mark deleted [
348 silly reify   '/Users/leads/dev/Porfolio/lrdene-portfolio/node_modules/@img/colour'
348 silly reify ]
349 verbose reify failed optional dependency /Users/leads/dev/Porfolio/lrdene-portfolio/node_modules/detect-libc
350 silly reify mark deleted [
350 silly reify   '/Users/leads/dev/Porfolio/lrdene-portfolio/node_modules/detect-libc'
350 silly reify ]
351 verbose reify failed optional dependency /Users/leads/dev/Porfolio/lrdene-portfolio/node_modules/@img/sharp-darwin-arm64
352 silly reify mark deleted [
352 silly reify   '/Users/leads/dev/Porfolio/lrdene-portfolio/node_modules/@img/sharp-darwin-arm64'
352 silly reify ]
353 verbose reify failed optional dependency /Users/leads/dev/Porfolio/lrdene-portfolio/node_modules/@img/sharp-darwin-x64
354 silly reify mark deleted [
354 silly reify   '/Users/leads/dev/Porfolio/lrdene-portfolio/node_modules/@img/sharp-darwin-x64'
354 silly reify ]
355 verbose reify failed optional dependency /Users/leads/dev/Porfolio/lrdene-portfolio/node_modules/@img/sharp-libvips-darwin-arm64
356 silly reify mark deleted [
356 silly reify   '/Users/leads/dev/Porfolio/lrdene-portfolio/node_modules/@img/sharp-libvips-darwin-arm64'
356 silly reify ]
357 verbose reify failed optional dependency /Users/leads/dev/Porfolio/lrdene-portfolio/node_modules/@img/sharp-libvips-darwin-x64
358 silly reify mark deleted [
358 silly reify   '/Users/leads/dev/Porfolio/lrdene-portfolio/node_modules/@img/sharp-libvips-darwin-x64'
358 silly reify ]
359 verbose reify failed optional dependency /Users/leads/dev/Porfolio/lrdene-portfolio/node_modules/@img/sharp-libvips-linux-arm
360 silly reify mark deleted [
360 silly reify   '/Users/leads/dev/Porfolio/lrdene-portfolio/node_modules/@img/sharp-libvips-linux-arm'
360 silly reify ]
361 verbose reify failed optional dependency /Users/leads/dev/Porfolio/lrdene-portfolio/node_modules/@img/sharp-libvips-linux-arm64
362 silly reify mark deleted [
362 silly reify   '/Users/leads/dev/Porfolio/lrdene-portfolio/node_modules/@img/sharp-libvips-linux-arm64'
362 silly reify ]
363 verbose reify failed optional dependency /Users/leads/dev/Porfolio/lrdene-portfolio/node_modules/@img/sharp-libvips-linux-ppc64
364 silly reify mark deleted [
364 silly reify   '/Users/leads/dev/Porfolio/lrdene-portfolio/node_modules/@img/sharp-libvips-linux-ppc64'
364 silly reify ]
365 verbose reify failed optional dependency /Users/leads/dev/Porfolio/lrdene-portfolio/node_modules/@img/sharp-libvips-linux-riscv64
366 silly reify mark deleted [
366 silly reify   '/Users/leads/dev/Porfolio/lrdene-portfolio/node_modules/@img/sharp-libvips-linux-riscv64'
366 silly reify ]
367 verbose reify failed optional dependency /Users/leads/dev/Porfolio/lrdene-portfolio/node_modules/@img/sharp-libvips-linux-s390x
368 silly reify mark deleted [
368 silly reify   '/Users/leads/dev/Porfolio/lrdene-portfolio/node_modules/@img/sharp-libvips-linux-s390x'
368 silly reify ]
369 verbose reify failed optional dependency /Users/leads/dev/Porfolio/lrdene-portfolio/node_modules/@img/sharp-libvips-linux-x64
370 silly reify mark deleted [
370 silly reify   '/Users/leads/dev/Porfolio/lrdene-portfolio/node_modules/@img/sharp-libvips-linux-x64'
370 silly reify ]
371 verbose reify failed optional dependency /Users/leads/dev/Porfolio/lrdene-portfolio/node_modules/@img/sharp-libvips-linuxmusl-arm64
372 silly reify mark deleted [
372 silly reify   '/Users/leads/dev/Porfolio/lrdene-portfolio/node_modules/@img/sharp-libvips-linuxmusl-arm64'
372 silly reify ]
373 verbose reify failed optional dependency /Users/leads/dev/Porfolio/lrdene-portfolio/node_modules/@img/sharp-libvips-linuxmusl-x64
374 silly reify mark deleted [
374 silly reify   '/Users/leads/dev/Porfolio/lrdene-portfolio/node_modules/@img/sharp-libvips-linuxmusl-x64'
374 silly reify ]
375 verbose reify failed optional dependency /Users/leads/dev/Porfolio/lrdene-portfolio/node_modules/@img/sharp-linux-arm
376 silly reify mark deleted [
376 silly reify   '/Users/leads/dev/Porfolio/lrdene-portfolio/node_modules/@img/sharp-linux-arm'
376 silly reify ]
377 verbose reify failed optional dependency /Users/leads/dev/Porfolio/lrdene-portfolio/node_modules/@img/sharp-linux-arm64
378 silly reify mark deleted [
378 silly reify   '/Users/leads/dev/Porfolio/lrdene-portfolio/node_modules/@img/sharp-linux-arm64'
378 silly reify ]
379 verbose reify failed optional dependency /Users/leads/dev/Porfolio/lrdene-portfolio/node_modules/@img/sharp-linux-ppc64
380 silly reify mark deleted [
380 silly reify   '/Users/leads/dev/Porfolio/lrdene-portfolio/node_modules/@img/sharp-linux-ppc64'
380 silly reify ]
381 verbose reify failed optional dependency /Users/leads/dev/Porfolio/lrdene-portfolio/node_modules/@img/sharp-linux-riscv64
382 silly reify mark deleted [
382 silly reify   '/Users/leads/dev/Porfolio/lrdene-portfolio/node_modules/@img/sharp-linux-riscv64'
382 silly reify ]
383 verbose reify failed optional dependency /Users/leads/dev/Porfolio/lrdene-portfolio/node_modules/@img/sharp-linux-s390x
384 silly reify mark deleted [
384 silly reify   '/Users/leads/dev/Porfolio/lrdene-portfolio/node_modules/@img/sharp-linux-s390x'
384 silly reify ]
385 verbose reify failed optional dependency /Users/leads/dev/Porfolio/lrdene-portfolio/node_modules/@img/sharp-linux-x64
386 silly reify mark deleted [
386 silly reify   '/Users/leads/dev/Porfolio/lrdene-portfolio/node_modules/@img/sharp-linux-x64'
386 silly reify ]
387 verbose reify failed optional dependency /Users/leads/dev/Porfolio/lrdene-portfolio/node_modules/@img/sharp-linuxmusl-arm64
388 silly reify mark deleted [
388 silly reify   '/Users/leads/dev/Porfolio/lrdene-portfolio/node_modules/@img/sharp-linuxmusl-arm64'
388 silly reify ]
389 verbose reify failed optional dependency /Users/leads/dev/Porfolio/lrdene-portfolio/node_modules/@img/sharp-linuxmusl-x64
390 silly reify mark deleted [
390 silly reify   '/Users/leads/dev/Porfolio/lrdene-portfolio/node_modules/@img/sharp-linuxmusl-x64'
390 silly reify ]
391 verbose reify failed optional dependency /Users/leads/dev/Porfolio/lrdene-portfolio/node_modules/@img/sharp-wasm32
392 silly reify mark deleted [
392 silly reify   '/Users/leads/dev/Porfolio/lrdene-portfolio/node_modules/@img/sharp-wasm32'
392 silly reify ]
393 verbose reify failed optional dependency /Users/leads/dev/Porfolio/lrdene-portfolio/node_modules/@img/sharp-win32-arm64
394 silly reify mark deleted [
394 silly reify   '/Users/leads/dev/Porfolio/lrdene-portfolio/node_modules/@img/sharp-win32-arm64'
394 silly reify ]
395 verbose reify failed optional dependency /Users/leads/dev/Porfolio/lrdene-portfolio/node_modules/@img/sharp-win32-ia32
396 silly reify mark deleted [
396 silly reify   '/Users/leads/dev/Porfolio/lrdene-portfolio/node_modules/@img/sharp-win32-ia32'
396 silly reify ]
397 verbose reify failed optional dependency /Users/leads/dev/Porfolio/lrdene-portfolio/node_modules/@img/sharp-win32-x64
398 silly reify mark deleted [
398 silly reify   '/Users/leads/dev/Porfolio/lrdene-portfolio/node_modules/@img/sharp-win32-x64'
398 silly reify ]
399 verbose reify failed optional dependency /Users/leads/dev/Porfolio/lrdene-portfolio/node_modules/@emnapi/runtime
400 silly reify mark deleted [
400 silly reify   '/Users/leads/dev/Porfolio/lrdene-portfolio/node_modules/@emnapi/runtime'
400 silly reify ]
401 http cache undici-types@https://registry.npmjs.org/undici-types/-/undici-types-7.18.2.tgz 0ms (cache hit)
402 http cache picocolors@https://registry.npmjs.org/picocolors/-/picocolors-1.1.1.tgz 0ms (cache hit)
403 http cache @next/swc-darwin-x64@https://registry.npmjs.org/@next/swc-darwin-x64/-/swc-darwin-x64-16.2.1.tgz 0ms (cache hit)
404 http cache csstype@https://registry.npmjs.org/csstype/-/csstype-3.2.3.tgz 0ms (cache hit)
405 http cache client-only@https://registry.npmjs.org/client-only/-/client-only-0.0.1.tgz 0ms (cache hit)
406 http cache @img/colour@https://registry.npmjs.org/@img/colour/-/colour-1.1.0.tgz 0ms (cache hit)
407 silly tarball no local data for @next/swc-darwin-x64@https://registry.npmjs.org/@next/swc-darwin-x64/-/swc-darwin-x64-16.2.1.tgz. Extracting by manifest.
408 http cache react-dom@https://registry.npmjs.org/react-dom/-/react-dom-19.2.4.tgz 0ms (cache hit)
409 http cache @next/env@https://registry.npmjs.org/@next/env/-/env-16.2.1.tgz 0ms (cache hit)
410 http cache react@https://registry.npmjs.org/react/-/react-19.2.4.tgz 0ms (cache hit)
411 http cache source-map-js@https://registry.npmjs.org/source-map-js/-/source-map-js-1.2.1.tgz 0ms (cache hit)
412 http cache tslib@https://registry.npmjs.org/tslib/-/tslib-2.8.1.tgz 0ms (cache hit)
413 http cache scheduler@https://registry.npmjs.org/scheduler/-/scheduler-0.27.0.tgz 0ms (cache hit)
414 http cache postcss@https://registry.npmjs.org/postcss/-/postcss-8.4.31.tgz 0ms (cache hit)
415 http cache detect-libc@https://registry.npmjs.org/detect-libc/-/detect-libc-2.1.2.tgz 0ms (cache hit)
416 http cache @types/react-dom@https://registry.npmjs.org/@types/react-dom/-/react-dom-19.2.3.tgz 0ms (cache hit)
417 http cache @types/react@https://registry.npmjs.org/@types/react/-/react-19.2.14.tgz 0ms (cache hit)
418 http cache clsx@https://registry.npmjs.org/clsx/-/clsx-2.1.1.tgz 0ms (cache hit)
419 http cache @img/sharp-darwin-x64@https://registry.npmjs.org/@img/sharp-darwin-x64/-/sharp-darwin-x64-0.34.5.tgz 0ms (cache hit)
420 silly tarball no local data for @next/env@https://registry.npmjs.org/@next/env/-/env-16.2.1.tgz. Extracting by manifest.
421 http fetch POST 200 https://registry.npmjs.org/-/npm/v1/security/advisories/bulk 405ms
422 silly audit report {}
423 http cache styled-jsx@https://registry.npmjs.org/styled-jsx/-/styled-jsx-5.1.6.tgz 0ms (cache hit)
424 http cache @types/node@https://registry.npmjs.org/@types/node/-/node-25.5.0.tgz 0ms (cache hit)
425 http cache @swc/helpers@https://registry.npmjs.org/@swc/helpers/-/helpers-0.5.15.tgz 0ms (cache hit)
426 http cache @img/sharp-libvips-darwin-x64@https://registry.npmjs.org/@img/sharp-libvips-darwin-x64/-/sharp-libvips-darwin-x64-1.2.4.tgz 0ms (cache hit)
427 http fetch GET 200 https://registry.npmjs.org/@next/env/-/env-16.2.1.tgz 1666ms (cache miss)
428 http fetch GET 200 https://registry.npmjs.org/esbuild/-/esbuild-0.27.0.tgz 1946ms (cache miss)
429 http fetch GET 200 https://registry.npmjs.org/baseline-browser-mapping/-/baseline-browser-mapping-2.10.9.tgz 1993ms (cache miss)
430 http fetch GET 200 https://registry.npmjs.org/ws/-/ws-8.18.0.tgz 2025ms (cache miss)
431 http fetch GET 200 https://registry.npmjs.org/prettier/-/prettier-3.8.1.tgz 2836ms (cache miss)
432 http fetch GET 200 https://registry.npmjs.org/@esbuild/darwin-x64/-/darwin-x64-0.27.0.tgz 2861ms (cache miss)
433 http fetch GET 200 https://registry.npmjs.org/@next/swc-darwin-x64/-/swc-darwin-x64-16.2.1.tgz 4048ms (cache miss)
434 http fetch GET 200 https://registry.npmjs.org/convex/-/convex-1.34.0.tgz 6044ms (cache miss)
435 warn cleanup Failed to remove some directories [
435 warn cleanup   [
435 warn cleanup     '/Users/leads/dev/Porfolio/lrdene-portfolio/node_modules/esbuild',
435 warn cleanup     [Error: EPERM: operation not permitted, unlink '/Users/leads/dev/Porfolio/lrdene-portfolio/node_modules/esbuild/.DS_Store'] {
435 warn cleanup       errno: -1,
435 warn cleanup       code: 'EPERM',
435 warn cleanup       syscall: 'unlink',
435 warn cleanup       path: '/Users/leads/dev/Porfolio/lrdene-portfolio/node_modules/esbuild/.DS_Store'
435 warn cleanup     }
435 warn cleanup   ],
435 warn cleanup   [
435 warn cleanup     '/Users/leads/dev/Porfolio/lrdene-portfolio/node_modules/convex',
435 warn cleanup     [Error: EPERM: operation not permitted, unlink '/Users/leads/dev/Porfolio/lrdene-portfolio/node_modules/convex/.DS_Store'] {
435 warn cleanup       errno: -1,
435 warn cleanup       code: 'EPERM',
435 warn cleanup       syscall: 'unlink',
435 warn cleanup       path: '/Users/leads/dev/Porfolio/lrdene-portfolio/node_modules/convex/.DS_Store'
435 warn cleanup     }
435 warn cleanup   ],
435 warn cleanup   [
435 warn cleanup     '/Users/leads/dev/Porfolio/lrdene-portfolio/node_modules/ws',
435 warn cleanup     [Error: EPERM: operation not permitted, unlink '/Users/leads/dev/Porfolio/lrdene-portfolio/node_modules/ws/.DS_Store'] {
435 warn cleanup       errno: -1,
435 warn cleanup       code: 'EPERM',
435 warn cleanup       syscall: 'unlink',
435 warn cleanup       path: '/Users/leads/dev/Porfolio/lrdene-portfolio/node_modules/ws/.DS_Store'
435 warn cleanup     }
435 warn cleanup   ],
435 warn cleanup   [
435 warn cleanup     '/Users/leads/dev/Porfolio/lrdene-portfolio/node_modules/prettier',
435 warn cleanup     [Error: EPERM: operation not permitted, unlink '/Users/leads/dev/Porfolio/lrdene-portfolio/node_modules/prettier/.DS_Store'] {
435 warn cleanup       errno: -1,
435 warn cleanup       code: 'EPERM',
435 warn cleanup       syscall: 'unlink',
435 warn cleanup       path: '/Users/leads/dev/Porfolio/lrdene-portfolio/node_modules/prettier/.DS_Store'
435 warn cleanup     }
435 warn cleanup   ]
435 warn cleanup ]
436 verbose stack Error: EPERM: operation not permitted, lstat '/Users/leads/dev/Porfolio/lrdene-portfolio/node_modules/next/.DS_Store'
437 error code EPERM
438 error syscall lstat
439 error path /Users/leads/dev/Porfolio/lrdene-portfolio/node_modules/next/.DS_Store
440 error errno -1
441 error [Error: EPERM: operation not permitted, lstat '/Users/leads/dev/Porfolio/lrdene-portfolio/node_modules/next/.DS_Store'] {
441 error   errno: -1,
441 error   code: 'EPERM',
441 error   syscall: 'lstat',
441 error   path: '/Users/leads/dev/Porfolio/lrdene-portfolio/node_modules/next/.DS_Store'
441 error }
442 error
442 error The operation was rejected by your operating system.
442 error It is likely you do not have the permissions to access this file as the current user
442 error
442 error If you believe this might be a permissions issue, please double-check the
442 error permissions of the file and its containing directories, or try running
442 error the command again as root/Administrator.
443 silly unfinished npm timer reify 1774097628740
444 silly unfinished npm timer reify:unpack 1774097631722
445 silly unfinished npm timer reifyNode:node_modules/next 1774097631723
446 silly unfinished npm timer reifyNode:node_modules/typescript 1774097631723
447 silly unfinished npm timer reifyNode:node_modules/tailwind-merge 1774097631723
448 silly unfinished npm timer reifyNode:node_modules/nanoid 1774097631723
449 silly unfinished npm timer reifyNode:node_modules/motion-utils 1774097631723
450 silly unfinished npm timer reifyNode:node_modules/motion-dom 1774097631723
451 silly unfinished npm timer reifyNode:node_modules/lucide-react 1774097631723
452 silly unfinished npm timer reifyNode:node_modules/framer-motion 1774097631723
453 silly unfinished npm timer reifyNode:node_modules/caniuse-lite 1774097631723
454 verbose cwd /Users/leads/dev/Porfolio/lrdene-portfolio
455 verbose os Darwin 25.4.0
456 verbose node v22.22.0
457 verbose npm  v11.11.0
458 verbose exit -1
459 verbose code -1
460 error A complete log of this run can be found in: /Users/leads/dev/Porfolio/lrdene-portfolio/.npm-cache/_logs/2026-03-21T12_53_48_479Z-debug-0.log
